2026-02-01 23:48:16.445 [32m INFO[0;39m [           main] [35m[SYSTEM][0;39m [36mc.ceawse.blinkgift.BlinkGiftApplication [0;39m : Starting BlinkGiftApplication using Java 21.0.9 with PID 8688 (C:\Users\stepa\IdeaProjects\blink-gift\getgems-parser\build\classes\java\main started by stepa in C:\Users\stepa\IdeaProjects\blink-gift)
2026-02-01 23:48:16.757 [32mDEBUG[0;39m [           main] [35m[SYSTEM][0;39m [36mc.ceawse.blinkgift.BlinkGiftApplication [0;39m : Running with Spring Boot v4.0.1, Spring v7.0.2
2026-02-01 23:48:16.781 [32m INFO[0;39m [           main] [35m[SYSTEM][0;39m [36mc.ceawse.blinkgift.BlinkGiftApplication [0;39m : No active profile set, falling back to 1 default profile: "default"
2026-02-01 23:48:26.160 [32m INFO[0;39m [           main] [35m[SYSTEM][0;39m [36m.s.d.r.c.RepositoryConfigurationDelegate[0;39m : Multiple Spring Data modules found, entering strict repository configuration mode
2026-02-01 23:48:26.166 [32m INFO[0;39m [           main] [35m[SYSTEM][0;39m [36m.s.d.r.c.RepositoryConfigurationDelegate[0;39m : Bootstrapping Spring Data MongoDB repositories in DEFAULT mode.
2026-02-01 23:48:28.339 [32m INFO[0;39m [           main] [35m[SYSTEM][0;39m [36m.s.d.r.c.RepositoryConfigurationDelegate[0;39m : Finished Spring Data repository scanning in 2029 ms. Found 4 MongoDB repository interfaces.
2026-02-01 23:48:28.515 [32m INFO[0;39m [           main] [35m[SYSTEM][0;39m [36m.s.d.r.c.RepositoryConfigurationDelegate[0;39m : Multiple Spring Data modules found, entering strict repository configuration mode
2026-02-01 23:48:28.519 [32m INFO[0;39m [           main] [35m[SYSTEM][0;39m [36m.s.d.r.c.RepositoryConfigurationDelegate[0;39m : Bootstrapping Spring Data Redis repositories in DEFAULT mode.
2026-02-01 23:48:28.608 [32m INFO[0;39m [           main] [35m[SYSTEM][0;39m [36m.RepositoryConfigurationExtensionSupport[0;39m : Spring Data Redis - Could not safely identify store assignment for repository candidate interface com.ceawse.blinkgift.repository.CollectionAttributeRepository; If you want this repository to be a Redis repository, consider annotating your entities with one of these annotations: org.springframework.data.redis.core.RedisHash (preferred), or consider extending one of the following types with your repository: org.springframework.data.keyvalue.repository.KeyValueRepository
2026-02-01 23:48:28.609 [32m INFO[0;39m [           main] [35m[SYSTEM][0;39m [36m.RepositoryConfigurationExtensionSupport[0;39m : Spring Data Redis - Could not safely identify store assignment for repository candidate interface com.ceawse.blinkgift.repository.CollectionStatisticsRepository; If you want this repository to be a Redis repository, consider annotating your entities with one of these annotations: org.springframework.data.redis.core.RedisHash (preferred), or consider extending one of the following types with your repository: org.springframework.data.keyvalue.repository.KeyValueRepository
2026-02-01 23:48:28.612 [32m INFO[0;39m [           main] [35m[SYSTEM][0;39m [36m.RepositoryConfigurationExtensionSupport[0;39m : Spring Data Redis - Could not safely identify store assignment for repository candidate interface com.ceawse.blinkgift.repository.GiftHistoryRepository; If you want this repository to be a Redis repository, consider annotating your entities with one of these annotations: org.springframework.data.redis.core.RedisHash (preferred), or consider extending one of the following types with your repository: org.springframework.data.keyvalue.repository.KeyValueRepository
2026-02-01 23:48:28.614 [32m INFO[0;39m [           main] [35m[SYSTEM][0;39m [36m.RepositoryConfigurationExtensionSupport[0;39m : Spring Data Redis - Could not safely identify store assignment for repository candidate interface com.ceawse.blinkgift.repository.IngestionStateRepository; If you want this repository to be a Redis repository, consider annotating your entities with one of these annotations: org.springframework.data.redis.core.RedisHash (preferred), or consider extending one of the following types with your repository: org.springframework.data.keyvalue.repository.KeyValueRepository
2026-02-01 23:48:28.616 [32m INFO[0;39m [           main] [35m[SYSTEM][0;39m [36m.s.d.r.c.RepositoryConfigurationDelegate[0;39m : Finished Spring Data repository scanning in 44 ms. Found 0 Redis repository interfaces.
2026-02-01 23:48:29.416 [32m INFO[0;39m [           main] [35m[SYSTEM][0;39m [36mo.s.cloud.context.scope.GenericScope    [0;39m : BeanFactory id=9ec0de03-694a-3304-8ab8-65776cd5a72f
2026-02-01 23:48:32.297 [32m INFO[0;39m [           main] [35m[SYSTEM][0;39m [36mo.s.boot.tomcat.TomcatWebServer         [0;39m : Tomcat initialized with port 7778 (http)
2026-02-01 23:48:32.441 [32m INFO[0;39m [           main] [35m[SYSTEM][0;39m [36mo.a.coyote.http11.Http11NioProtocol     [0;39m : Initializing ProtocolHandler ["http-nio-7778"]
2026-02-01 23:48:32.490 [32m INFO[0;39m [           main] [35m[SYSTEM][0;39m [36mo.apache.catalina.core.StandardService  [0;39m : Starting service [Tomcat]
2026-02-01 23:48:32.496 [32m INFO[0;39m [           main] [35m[SYSTEM][0;39m [36mo.apache.catalina.core.StandardEngine   [0;39m : Starting Servlet engine: [Apache Tomcat/11.0.15]
2026-02-01 23:48:33.167 [32m INFO[0;39m [           main] [35m[SYSTEM][0;39m [36mb.w.c.s.WebApplicationContextInitializer[0;39m : Root WebApplicationContext: initialization completed in 15151 ms
2026-02-01 23:48:40.479 [32m INFO[0;39m [           main] [35m[SYSTEM][0;39m [36morg.mongodb.driver.client               [0;39m : MongoClient with metadata {"driver": {"name": "mongo-java-driver|spring-boot|sync", "version": "5.6.2"}, "os": {"type": "Windows", "name": "Windows 11", "architecture": "amd64", "version": "10.0"}, "platform": "Java/IBM Corporation/21.0.9+10-LTS"} created with settings MongoClientSettings{readPreference=primary, writeConcern=WriteConcern{w=null, wTimeout=null ms, journal=null}, retryWrites=true, retryReads=true, readConcern=ReadConcern{level=null}, credential=null, transportSettings=null, commandListeners=[], codecRegistry=ProvidersCodecRegistry{codecProviders=[ValueCodecProvider{}, BsonValueCodecProvider{}, DBRefCodecProvider{}, DBObjectCodecProvider{}, DocumentCodecProvider{}, CollectionCodecProvider{}, IterableCodecProvider{}, MapCodecProvider{}, GeoJsonCodecProvider{}, GridFSFileCodecProvider{}, Jsr310CodecProvider{}, JsonObjectCodecProvider{}, BsonCodecProvider{}, com.mongodb.client.model.mql.ExpressionCodecProvider@e6ac63bd, com.mongodb.Jep395RecordCodecProvider@deb3ed07, com.mongodb.KotlinCodecProvider@19a555b8, EnumCodecProvider{}]}, loggerSettings=LoggerSettings{maxDocumentLength=1000}, clusterSettings={hosts=[localhost:27017], srvServiceName=mongodb, mode=SINGLE, requiredClusterType=UNKNOWN, requiredReplicaSetName='null', serverSelector='null', clusterListeners='[]', serverSelectionTimeout='30000 ms', localThreshold='15 ms'}, socketSettings=SocketSettings{connectTimeoutMS=10000, readTimeoutMS=0, receiveBufferSize=0, proxySettings=ProxySettings{host=null, port=null, username=null, password=null}}, heartbeatSocketSettings=SocketSettings{connectTimeoutMS=10000, readTimeoutMS=10000, receiveBufferSize=0, proxySettings=ProxySettings{host=null, port=null, username=null, password=null}}, connectionPoolSettings=ConnectionPoolSettings{maxSize=100, minSize=0, maxWaitTimeMS=120000, maxConnectionLifeTimeMS=0, maxConnectionIdleTimeMS=0, maintenanceInitialDelayMS=0, maintenanceFrequencyMS=60000, connectionPoolListeners=[], maxConnecting=2}, serverSettings=ServerSettings{heartbeatFrequencyMS=10000, minHeartbeatFrequencyMS=500, serverMonitoringMode=AUTO, serverListeners='[]', serverMonitorListeners='[]'}, sslSettings=SslSettings{enabled=false, invalidHostNameAllowed=false, context=null}, applicationName='null', compressorList=[], uuidRepresentation=UNSPECIFIED, serverApi=null, autoEncryptionSettings=null, dnsClient=null, inetAddressResolver=null, contextProvider=null, timeoutMS=null}
2026-02-01 23:48:40.537 [32m INFO[0;39m [localhost:27017] [35m[SYSTEM][0;39m [36morg.mongodb.driver.cluster              [0;39m : Monitor thread successfully connected to server with description ServerDescription{address=localhost:27017, type=STANDALONE, cryptd=false, state=CONNECTED, ok=true, minWireVersion=0, maxWireVersion=27, maxDocumentSize=16777216, logicalSessionTimeoutMinutes=30, roundTripTimeNanos=220464900, minRoundTripTimeNanos=0}
2026-02-01 23:48:52.723 [32m INFO[0;39m [           main] [35m[SYSTEM][0;39m [36mo.a.coyote.http11.Http11NioProtocol     [0;39m : Starting ProtocolHandler ["http-nio-7778"]
2026-02-01 23:48:53.057 [32m INFO[0;39m [           main] [35m[SYSTEM][0;39m [36mo.s.boot.tomcat.TomcatWebServer         [0;39m : Tomcat started on port 7778 (http) with context path '/'
2026-02-01 23:48:53.336 [32m INFO[0;39m [cheduled-task-3] [35m[SYSTEM][0;39m [36mc.c.b.s.impl.CollectionServiceImpl      [0;39m : Start updating statistics...
2026-02-01 23:48:53.338 [32m INFO[0;39m [cheduled-task-1] [35m[SYSTEM][0;39m [36mc.c.b.s.impl.CollectionServiceImpl      [0;39m : Start updating attributes...
2026-02-01 23:48:53.348 [32m INFO[0;39m [           main] [35m[SYSTEM][0;39m [36mc.ceawse.blinkgift.BlinkGiftApplication [0;39m : Started BlinkGiftApplication in 46.902 seconds (process running for 64.183)
2026-02-01 23:48:53.521 [31mERROR[0;39m [cheduled-task-1] [35m[SYSTEM][0;39m [36mc.c.b.s.impl.CollectionServiceImpl      [0;39m : Error updating attributes cycle
feign.codec.DecodeException: 'messageConverters' must not be empty
	at feign.InvocationContext.decode(InvocationContext.java:125)
	at feign.InvocationContext.proceed(InvocationContext.java:94)
	at feign.ResponseHandler.handleResponse(ResponseHandler.java:69)
	at feign.SynchronousMethodHandler.executeAndDecode(SynchronousMethodHandler.java:109)
	at feign.SynchronousMethodHandler.invoke(SynchronousMethodHandler.java:53)
	at feign.ReflectiveFeign$FeignInvocationHandler.invoke(ReflectiveFeign.java:104)
	at jdk.proxy2/jdk.proxy2.$Proxy82.getCollections(Unknown Source)
	at com.ceawse.blinkgift.service.impl.CollectionServiceImpl.updateAllCollectionsAttributes(CollectionServiceImpl.java:36)
	at com.ceawse.blinkgift.worker.AttributesParserWorker.parseAttributes(AttributesParserWorker.java:15)
	at java.base/jdk.internal.reflect.DirectMethodHandleAccessor.invoke(DirectMethodHandleAccessor.java:103)
	at java.base/java.lang.reflect.Method.invoke(Method.java:586)
	at org.springframework.scheduling.support.ScheduledMethodRunnable.runInternal(ScheduledMethodRunnable.java:128)
	at org.springframework.scheduling.support.ScheduledMethodRunnable.lambda$run$1(ScheduledMethodRunnable.java:122)
	at io.micrometer.observation.Observation.observe(Observation.java:498)
	at org.springframework.scheduling.support.ScheduledMethodRunnable.run(ScheduledMethodRunnable.java:122)
	at org.springframework.scheduling.config.Task$OutcomeTrackingRunnable.run(Task.java:88)
	at org.springframework.scheduling.support.DelegatingErrorHandlingRunnable.run(DelegatingErrorHandlingRunnable.java:54)
	at java.base/java.util.concurrent.Executors$RunnableAdapter.call(Executors.java:572)
	at java.base/java.util.concurrent.FutureTask.runAndReset(FutureTask.java:358)
	at java.base/java.util.concurrent.ScheduledThreadPoolExecutor$ScheduledFutureTask.run(ScheduledThreadPoolExecutor.java:305)
	at java.base/java.util.concurrent.ThreadPoolExecutor.runWorker(ThreadPoolExecutor.java:1144)
	at java.base/java.util.concurrent.ThreadPoolExecutor$Worker.run(ThreadPoolExecutor.java:642)
	at java.base/java.lang.Thread.run(Thread.java:1595)
Caused by: java.lang.IllegalArgumentException: 'messageConverters' must not be empty
	at org.springframework.util.Assert.notEmpty(Assert.java:399)
	at org.springframework.web.client.HttpMessageConverterExtractor.<init>(HttpMessageConverterExtractor.java:77)
	at org.springframework.web.client.HttpMessageConverterExtractor.<init>(HttpMessageConverterExtractor.java:71)
	at org.springframework.cloud.openfeign.support.SpringDecoder.decode(SpringDecoder.java:56)
	at org.springframework.cloud.openfeign.support.ResponseEntityDecoder.decode(ResponseEntityDecoder.java:62)
	at feign.optionals.OptionalDecoder.decode(OptionalDecoder.java:38)
	at feign.InvocationContext.decode(InvocationContext.java:121)
	... 22 common frames omitted
2026-02-01 23:48:54.725 [32mDEBUG[0;39m [cheduled-task-2] [35m[SYSTEM][0;39m [36mc.c.b.service.impl.HistoryServiceImpl   [0;39m : Polling GetGems history since: 1769978766000
2026-02-01 23:49:03.623 [32m INFO[0;39m [cheduled-task-2] [35m[SYSTEM][0;39m [36mc.c.b.service.impl.HistoryServiceImpl   [0;39m : Found 10 new events in GetGems history
2026-02-01 23:49:04.138 [32mDEBUG[0;39m [cheduled-task-2] [35m[EQf_tg_gift_______________________8oTRAaAAAV4T0U][0;39m [36mc.c.b.service.impl.HistoryServiceImpl   [0;39m : Event 7aed5e3b5a543c82ca2ce2ddd1a92e4972d9c03d302e832087766559186e9651 saved to history database
2026-02-01 23:49:04.184 [32mDEBUG[0;39m [cheduled-task-2] [35m[EQBfzEcbIh-5S4oQ0T0tl9a9U1t74yUMh72_OrMZK1cV7rbR][0;39m [36mc.c.b.service.impl.HistoryServiceImpl   [0;39m : Event f6a895b28787f8fcd8679518359778422afd066312f11eb9d76d127a4937baa2 saved to history database
2026-02-01 23:49:04.184 [32m INFO[0;39m [cheduled-task-2] [35m[EQBfzEcbIh-5S4oQ0T0tl9a9U1t74yUMh72_OrMZK1cV7rbR][0;39m [36mc.c.b.service.impl.HistoryServiceImpl   [0;39m : New listing detected: B-Day Candle #129698. Price: 3.75 TON
2026-02-01 23:49:04.185 [32mDEBUG[0;39m [cheduled-task-2] [35m[EQBfzEcbIh-5S4oQ0T0tl9a9U1t74yUMh72_OrMZK1cV7rbR][0;39m [36mc.c.b.service.impl.HistoryServiceImpl   [0;39m : Enriching listing data from API for discovery...
2026-02-01 23:49:05.161 [32m INFO[0;39m [cheduled-task-2] [35m[EQBfzEcbIh-5S4oQ0T0tl9a9U1t74yUMh72_OrMZK1cV7rbR][0;39m [36mc.c.b.service.impl.HistoryServiceImpl   [0;39m : Sending enrichment request to gift-discovery. Model: Choco Wax, Backdrop: Pacific Green
2026-02-01 23:49:06.981 [32mDEBUG[0;39m [cheduled-task-2] [35m[EQBfzEcbIh-5S4oQ0T0tl9a9U1t74yUMh72_OrMZK1cV7rbR][0;39m [36mc.c.b.service.impl.HistoryServiceImpl   [0;39m : Enrichment request successfully sent to discovery service
2026-02-01 23:49:06.997 [32mDEBUG[0;39m [cheduled-task-2] [35m[EQf_tg_gift_______________________9TTTgOAAAB8xNl][0;39m [36mc.c.b.service.impl.HistoryServiceImpl   [0;39m : Event 19c1af684affb60fe089fb7fffffffffffffffffffffffffffffffffff534d380e000001f3 saved to history database
2026-02-01 23:49:07.032 [32mDEBUG[0;39m [cheduled-task-2] [35m[EQA5h9p_cFax18tSDOeYHjIRb52TNdP91GFnMzwlgIhULMX8][0;39m [36mc.c.b.service.impl.HistoryServiceImpl   [0;39m : Event fb7d92f36a6f846fc564853d257b10a4fb4557cf5cd771cf40a23f683184450d saved to history database
2026-02-01 23:49:07.061 [32mDEBUG[0;39m [cheduled-task-2] [35m[EQAaGXyL0udMLBFUEQF8tvZsolDSPBoAigcbOBw1-X9yyMZ_][0;39m [36mc.c.b.service.impl.HistoryServiceImpl   [0;39m : Event fa5c1a5be817812609c3dcfa5d342eee38b2ed176e0efe203d4333f055273ba3 saved to history database
2026-02-01 23:49:07.062 [32m INFO[0;39m [cheduled-task-2] [35m[EQAaGXyL0udMLBFUEQF8tvZsolDSPBoAigcbOBw1-X9yyMZ_][0;39m [36mc.c.b.service.impl.HistoryServiceImpl   [0;39m : New listing detected: Toy Bear #41863. Price: 440 TON
2026-02-01 23:49:07.062 [32mDEBUG[0;39m [cheduled-task-2] [35m[EQAaGXyL0udMLBFUEQF8tvZsolDSPBoAigcbOBw1-X9yyMZ_][0;39m [36mc.c.b.service.impl.HistoryServiceImpl   [0;39m : Enriching listing data from API for discovery...
2026-02-01 23:49:09.275 [32m INFO[0;39m [cheduled-task-2] [35m[EQAaGXyL0udMLBFUEQF8tvZsolDSPBoAigcbOBw1-X9yyMZ_][0;39m [36mc.c.b.service.impl.HistoryServiceImpl   [0;39m : Sending enrichment request to gift-discovery. Model: Alter Ego, Backdrop: Black
2026-02-01 23:49:09.288 [32mDEBUG[0;39m [cheduled-task-2] [35m[EQAaGXyL0udMLBFUEQF8tvZsolDSPBoAigcbOBw1-X9yyMZ_][0;39m [36mc.c.b.service.impl.HistoryServiceImpl   [0;39m : Enrichment request successfully sent to discovery service
2026-02-01 23:49:09.304 [32mDEBUG[0;39m [cheduled-task-2] [35m[EQf_tg_gift_______________________9jjUuDAABQcDcf][0;39m [36mc.c.b.service.impl.HistoryServiceImpl   [0;39m : Event 7e8a04b442f4ea86ad29ed9634681af812426a4a01b5f61eb32f60aea44eace0 saved to history database
2026-02-01 23:49:09.356 [32mDEBUG[0;39m [cheduled-task-2] [35m[EQBzNMHZVE3yjACyb2aqB0ZuIPZWDP9nkh9C9pJ8A9Q1l59h][0;39m [36mc.c.b.service.impl.HistoryServiceImpl   [0;39m : Event d53a980ca5ebf087419723d427df82cd8bb6098be7f41ce62d7f3309392f4f43 saved to history database
2026-02-01 23:49:09.411 [32mDEBUG[0;39m [cheduled-task-2] [35m[EQDcj_DPretIiXg3iIj0jfESZbU3D54Glg_Z0MiIhztOkx9_][0;39m [36mc.c.b.service.impl.HistoryServiceImpl   [0;39m : Event 0c66660fadfbd01155b07916dde5b3d30d218e8fbade072b8444d0755b723cd0 saved to history database
2026-02-01 23:49:09.412 [32m INFO[0;39m [cheduled-task-2] [35m[EQDcj_DPretIiXg3iIj0jfESZbU3D54Glg_Z0MiIhztOkx9_][0;39m [36mc.c.b.service.impl.HistoryServiceImpl   [0;39m : New listing detected: Swag Bag #44763. Price: 5 TON
2026-02-01 23:49:09.412 [32mDEBUG[0;39m [cheduled-task-2] [35m[EQDcj_DPretIiXg3iIj0jfESZbU3D54Glg_Z0MiIhztOkx9_][0;39m [36mc.c.b.service.impl.HistoryServiceImpl   [0;39m : Enriching listing data from API for discovery...
2026-02-01 23:49:10.323 [32m INFO[0;39m [cheduled-task-2] [35m[EQDcj_DPretIiXg3iIj0jfESZbU3D54Glg_Z0MiIhztOkx9_][0;39m [36mc.c.b.service.impl.HistoryServiceImpl   [0;39m : Sending enrichment request to gift-discovery. Model: Candy Shop, Backdrop: Chestnut
2026-02-01 23:49:10.398 [32mDEBUG[0;39m [cheduled-task-2] [35m[EQDcj_DPretIiXg3iIj0jfESZbU3D54Glg_Z0MiIhztOkx9_][0;39m [36mc.c.b.service.impl.HistoryServiceImpl   [0;39m : Enrichment request successfully sent to discovery service
2026-02-01 23:49:10.490 [32mDEBUG[0;39m [cheduled-task-2] [35m[EQD4YiYGfG7ShW238HW8p9glDfi0yLnHuVdsGKqrb0gqViXq][0;39m [36mc.c.b.service.impl.HistoryServiceImpl   [0;39m : Event 7cc588797f8be0941fcf9f51262b58fa61b994ec7c5e7fd5f5a7fc48f41039c5 saved to history database
2026-02-01 23:49:10.518 [32m INFO[0;39m [cheduled-task-2] [35m[EQf_tg_gift_______________________92km-SAAAUu8sK][0;39m [36mc.c.b.service.impl.HistoryServiceImpl   [0;39m : New listing detected: Light Sword #5307. Price: 6.2 TON
2026-02-01 23:49:10.519 [32mDEBUG[0;39m [cheduled-task-2] [35m[EQf_tg_gift_______________________92km-SAAAUu8sK][0;39m [36mc.c.b.service.impl.HistoryServiceImpl   [0;39m : Enriching listing data from API for discovery...
2026-02-01 23:49:11.292 [32m INFO[0;39m [cheduled-task-2] [35m[EQf_tg_gift_______________________92km-SAAAUu8sK][0;39m [36mc.c.b.service.impl.HistoryServiceImpl   [0;39m : Sending enrichment request to gift-discovery. Model: Toy Blade, Backdrop: Mustard
2026-02-01 23:49:11.320 [32mDEBUG[0;39m [cheduled-task-2] [35m[EQf_tg_gift_______________________92km-SAAAUu8sK][0;39m [36mc.c.b.service.impl.HistoryServiceImpl   [0;39m : Enrichment request successfully sent to discovery service
2026-02-01 23:49:14.783 [32mDEBUG[0;39m [cheduled-task-1] [35m[SYSTEM][0;39m [36mc.c.b.service.impl.HistoryServiceImpl   [0;39m : Polling GetGems history since: 1769978916000
2026-02-01 23:49:18.081 [32m INFO[0;39m [cheduled-task-1] [35m[SYSTEM][0;39m [36mc.c.b.service.impl.HistoryServiceImpl   [0;39m : Found 2 new events in GetGems history
2026-02-01 23:49:18.164 [32mDEBUG[0;39m [cheduled-task-1] [35m[EQDre-WO7QJKtwpf9PfHJ56o9ZT6sqWIbNkVR9E99oMdSElg][0;39m [36mc.c.b.service.impl.HistoryServiceImpl   [0;39m : Event 620aaf7001ae6ea6b3d2a53d775800c00d7389020416bb4efa4c024c0d764874 saved to history database
2026-02-01 23:49:18.165 [32m INFO[0;39m [cheduled-task-1] [35m[EQDre-WO7QJKtwpf9PfHJ56o9ZT6sqWIbNkVR9E99oMdSElg][0;39m [36mc.c.b.service.impl.HistoryServiceImpl   [0;39m : New listing detected: Hypno Lollipop #29979. Price: 4.5 TON
2026-02-01 23:49:18.166 [32mDEBUG[0;39m [cheduled-task-1] [35m[EQDre-WO7QJKtwpf9PfHJ56o9ZT6sqWIbNkVR9E99oMdSElg][0;39m [36mc.c.b.service.impl.HistoryServiceImpl   [0;39m : Enriching listing data from API for discovery...
2026-02-01 23:49:20.159 [32m INFO[0;39m [cheduled-task-1] [35m[EQDre-WO7QJKtwpf9PfHJ56o9ZT6sqWIbNkVR9E99oMdSElg][0;39m [36mc.c.b.service.impl.HistoryServiceImpl   [0;39m : Sending enrichment request to gift-discovery. Model: Hysteria, Backdrop: Electric Indigo
2026-02-01 23:49:20.185 [32mDEBUG[0;39m [cheduled-task-1] [35m[EQDre-WO7QJKtwpf9PfHJ56o9ZT6sqWIbNkVR9E99oMdSElg][0;39m [36mc.c.b.service.impl.HistoryServiceImpl   [0;39m : Enrichment request successfully sent to discovery service
2026-02-01 23:49:23.362 [32mDEBUG[0;39m [cheduled-task-1] [35m[SYSTEM][0;39m [36mc.c.b.service.impl.HistoryServiceImpl   [0;39m : Polling GetGems history since: 1769978931000
2026-02-01 23:49:24.349 [32m INFO[0;39m [cheduled-task-1] [35m[SYSTEM][0;39m [36mc.c.b.service.impl.HistoryServiceImpl   [0;39m : Found 1 new events in GetGems history
2026-02-01 23:49:24.361 [32m INFO[0;39m [cheduled-task-1] [35m[EQDre-WO7QJKtwpf9PfHJ56o9ZT6sqWIbNkVR9E99oMdSElg][0;39m [36mc.c.b.service.impl.HistoryServiceImpl   [0;39m : New listing detected: Hypno Lollipop #29979. Price: 4.5 TON
2026-02-01 23:49:24.362 [32mDEBUG[0;39m [cheduled-task-1] [35m[EQDre-WO7QJKtwpf9PfHJ56o9ZT6sqWIbNkVR9E99oMdSElg][0;39m [36mc.c.b.service.impl.HistoryServiceImpl   [0;39m : Enriching listing data from API for discovery...
2026-02-01 23:49:34.538 [32m INFO[0;39m [cheduled-task-1] [35m[EQDre-WO7QJKtwpf9PfHJ56o9ZT6sqWIbNkVR9E99oMdSElg][0;39m [36mc.c.b.service.impl.HistoryServiceImpl   [0;39m : Sending enrichment request to gift-discovery. Model: Hysteria, Backdrop: Electric Indigo
2026-02-01 23:49:34.555 [32mDEBUG[0;39m [cheduled-task-1] [35m[EQDre-WO7QJKtwpf9PfHJ56o9ZT6sqWIbNkVR9E99oMdSElg][0;39m [36mc.c.b.service.impl.HistoryServiceImpl   [0;39m : Enrichment request successfully sent to discovery service
2026-02-01 23:49:37.610 [32mDEBUG[0;39m [cheduled-task-1] [35m[SYSTEM][0;39m [36mc.c.b.service.impl.HistoryServiceImpl   [0;39m : Polling GetGems history since: 1769978931000
2026-02-01 23:49:40.077 [32m INFO[0;39m [cheduled-task-1] [35m[SYSTEM][0;39m [36mc.c.b.service.impl.HistoryServiceImpl   [0;39m : Found 2 new events in GetGems history
2026-02-01 23:49:40.153 [32mDEBUG[0;39m [cheduled-task-1] [35m[EQf_tg_gift_______________________8FavGCAABlyhDF][0;39m [36mc.c.b.service.impl.HistoryServiceImpl   [0;39m : Event d36e854ac6f3de1a430fc4f18eacbab422b118e2cc6a2ae803b391431b24f258 saved to history database
2026-02-01 23:49:40.231 [32m INFO[0;39m [cheduled-task-1] [35m[EQDre-WO7QJKtwpf9PfHJ56o9ZT6sqWIbNkVR9E99oMdSElg][0;39m [36mc.c.b.service.impl.HistoryServiceImpl   [0;39m : New listing detected: Hypno Lollipop #29979. Price: 4.5 TON
2026-02-01 23:49:40.232 [32mDEBUG[0;39m [cheduled-task-1] [35m[EQDre-WO7QJKtwpf9PfHJ56o9ZT6sqWIbNkVR9E99oMdSElg][0;39m [36mc.c.b.service.impl.HistoryServiceImpl   [0;39m : Enriching listing data from API for discovery...
2026-02-01 23:49:42.902 [32m INFO[0;39m [cheduled-task-1] [35m[EQDre-WO7QJKtwpf9PfHJ56o9ZT6sqWIbNkVR9E99oMdSElg][0;39m [36mc.c.b.service.impl.HistoryServiceImpl   [0;39m : Sending enrichment request to gift-discovery. Model: Hysteria, Backdrop: Electric Indigo
2026-02-01 23:49:42.963 [32mDEBUG[0;39m [cheduled-task-1] [35m[EQDre-WO7QJKtwpf9PfHJ56o9ZT6sqWIbNkVR9E99oMdSElg][0;39m [36mc.c.b.service.impl.HistoryServiceImpl   [0;39m : Enrichment request successfully sent to discovery service
2026-02-01 23:49:46.051 [32mDEBUG[0;39m [cheduled-task-1] [35m[SYSTEM][0;39m [36mc.c.b.service.impl.HistoryServiceImpl   [0;39m : Polling GetGems history since: 1769978970000
2026-02-01 23:49:47.079 [32m INFO[0;39m [cheduled-task-1] [35m[SYSTEM][0;39m [36mc.c.b.service.impl.HistoryServiceImpl   [0;39m : Found 3 new events in GetGems history
2026-02-01 23:49:47.118 [32mDEBUG[0;39m [cheduled-task-1] [35m[EQf_tg_gift_______________________88jpuWAAAGzazt][0;39m [36mc.c.b.service.impl.HistoryServiceImpl   [0;39m : Event 19c1af7f70ffb60fe089fb7fffffffffffffffffffffffffffffffffff3c8e9b96000006cd saved to history database
2026-02-01 23:49:47.118 [32m INFO[0;39m [cheduled-task-1] [35m[EQf_tg_gift_______________________88jpuWAAAGzazt][0;39m [36mc.c.b.service.impl.HistoryServiceImpl   [0;39m : New listing detected: Plush Pepe #1741. Price: 9250 TON
2026-02-01 23:49:47.118 [32mDEBUG[0;39m [cheduled-task-1] [35m[EQf_tg_gift_______________________88jpuWAAAGzazt][0;39m [36mc.c.b.service.impl.HistoryServiceImpl   [0;39m : Enriching listing data from API for discovery...
2026-02-01 23:49:52.344 [32m INFO[0;39m [cheduled-task-1] [35m[EQf_tg_gift_______________________88jpuWAAAGzazt][0;39m [36mc.c.b.service.impl.HistoryServiceImpl   [0;39m : Sending enrichment request to gift-discovery. Model: Red Menace, Backdrop: Turquoise
2026-02-01 23:49:52.358 [32mDEBUG[0;39m [cheduled-task-1] [35m[EQf_tg_gift_______________________88jpuWAAAGzazt][0;39m [36mc.c.b.service.impl.HistoryServiceImpl   [0;39m : Enrichment request successfully sent to discovery service
2026-02-01 23:49:52.411 [32mDEBUG[0;39m [cheduled-task-1] [35m[EQB6DpKCraDfFav0IDoYc3iJ5cRuRnOe9qS1S9GmWYwdbY__][0;39m [36mc.c.b.service.impl.HistoryServiceImpl   [0;39m : Event b856a78bf614088cd1322d4b1d5af036bf4a64d0ea77e8268c27ab350b9b1768 saved to history database
2026-02-01 23:49:52.411 [32m INFO[0;39m [cheduled-task-1] [35m[EQB6DpKCraDfFav0IDoYc3iJ5cRuRnOe9qS1S9GmWYwdbY__][0;39m [36mc.c.b.service.impl.HistoryServiceImpl   [0;39m : New listing detected: Lunar Snake #60539. Price: 3.49 TON
2026-02-01 23:49:52.411 [32mDEBUG[0;39m [cheduled-task-1] [35m[EQB6DpKCraDfFav0IDoYc3iJ5cRuRnOe9qS1S9GmWYwdbY__][0;39m [36mc.c.b.service.impl.HistoryServiceImpl   [0;39m : Enriching listing data from API for discovery...
2026-02-01 23:49:53.651 [32m INFO[0;39m [cheduled-task-4] [35m[SYSTEM][0;39m [36mc.c.b.s.impl.CollectionServiceImpl      [0;39m : Start updating attributes...
2026-02-01 23:49:55.108 [32m INFO[0;39m [cheduled-task-1] [35m[EQB6DpKCraDfFav0IDoYc3iJ5cRuRnOe9qS1S9GmWYwdbY__][0;39m [36mc.c.b.service.impl.HistoryServiceImpl   [0;39m : Sending enrichment request to gift-discovery. Model: Red Cheddar, Backdrop: Sky Blue
2026-02-01 23:49:55.133 [32mDEBUG[0;39m [cheduled-task-1] [35m[EQB6DpKCraDfFav0IDoYc3iJ5cRuRnOe9qS1S9GmWYwdbY__][0;39m [36mc.c.b.service.impl.HistoryServiceImpl   [0;39m : Enrichment request successfully sent to discovery service
2026-02-01 23:49:58.291 [32mDEBUG[0;39m [cheduled-task-1] [35m[SYSTEM][0;39m [36mc.c.b.service.impl.HistoryServiceImpl   [0;39m : Polling GetGems history since: 1769978984000
2026-02-01 23:49:59.481 [32m INFO[0;39m [cheduled-task-1] [35m[SYSTEM][0;39m [36mc.c.b.service.impl.HistoryServiceImpl   [0;39m : Found 2 new events in GetGems history
2026-02-01 23:49:59.517 [32mDEBUG[0;39m [cheduled-task-1] [35m[EQD9jGPM6xCODOjF-h_tyz1q5dI-4F3qdh3fEXTJrBhvagQJ][0;39m [36mc.c.b.service.impl.HistoryServiceImpl   [0;39m : Event f788fdd774737741530d2f5c35a83c65d131b259047122c05babe8c5d8dc0ab3 saved to history database
2026-02-01 23:49:59.517 [32m INFO[0;39m [cheduled-task-1] [35m[EQD9jGPM6xCODOjF-h_tyz1q5dI-4F3qdh3fEXTJrBhvagQJ][0;39m [36mc.c.b.service.impl.HistoryServiceImpl   [0;39m : New listing detected: Candy Cane #104028. Price: 4.35 TON
2026-02-01 23:49:59.518 [32mDEBUG[0;39m [cheduled-task-1] [35m[EQD9jGPM6xCODOjF-h_tyz1q5dI-4F3qdh3fEXTJrBhvagQJ][0;39m [36mc.c.b.service.impl.HistoryServiceImpl   [0;39m : Enriching listing data from API for discovery...
2026-02-01 23:50:04.938 [32mDEBUG[0;39m [cheduled-task-4] [35m[SYSTEM][0;39m [36mc.c.b.s.impl.CollectionServiceImpl      [0;39m : Updated 355 attributes for EQBjzdi27ZI-Re93OOIia0m7YmUU8d8ubJNsStZTc7qNJnOv
2026-02-01 23:50:07.472 [32m INFO[0;39m [cheduled-task-1] [35m[EQD9jGPM6xCODOjF-h_tyz1q5dI-4F3qdh3fEXTJrBhvagQJ][0;39m [36mc.c.b.service.impl.HistoryServiceImpl   [0;39m : Sending enrichment request to gift-discovery. Model: Lime Twist, Backdrop: Pure Gold
2026-02-01 23:50:07.495 [32mDEBUG[0;39m [cheduled-task-1] [35m[EQD9jGPM6xCODOjF-h_tyz1q5dI-4F3qdh3fEXTJrBhvagQJ][0;39m [36mc.c.b.service.impl.HistoryServiceImpl   [0;39m : Enrichment request successfully sent to discovery service
2026-02-01 23:50:07.509 [32m INFO[0;39m [cheduled-task-1] [35m[EQf_tg_gift_______________________88jpuWAAAGzazt][0;39m [36mc.c.b.service.impl.HistoryServiceImpl   [0;39m : New listing detected: Plush Pepe #1741. Price: 9250 TON
2026-02-01 23:50:07.509 [32mDEBUG[0;39m [cheduled-task-1] [35m[EQf_tg_gift_______________________88jpuWAAAGzazt][0;39m [36mc.c.b.service.impl.HistoryServiceImpl   [0;39m : Enriching listing data from API for discovery...
2026-02-01 23:50:07.652 [32mDEBUG[0;39m [cheduled-task-4] [35m[SYSTEM][0;39m [36mc.c.b.s.impl.CollectionServiceImpl      [0;39m : Updated 330 attributes for EQCZ4-h65iTiWDPRPcLlS63gbcS40YBadEFLA4W-iIWUZld0
2026-02-01 23:50:08.086 [32m INFO[0;39m [cheduled-task-1] [35m[EQf_tg_gift_______________________88jpuWAAAGzazt][0;39m [36mc.c.b.service.impl.HistoryServiceImpl   [0;39m : Sending enrichment request to gift-discovery. Model: Red Menace, Backdrop: Turquoise
2026-02-01 23:50:08.108 [32mDEBUG[0;39m [cheduled-task-1] [35m[EQf_tg_gift_______________________88jpuWAAAGzazt][0;39m [36mc.c.b.service.impl.HistoryServiceImpl   [0;39m : Enrichment request successfully sent to discovery service
2026-02-01 23:50:11.168 [32mDEBUG[0;39m [cheduled-task-1] [35m[SYSTEM][0;39m [36mc.c.b.service.impl.HistoryServiceImpl   [0;39m : Polling GetGems history since: 1769978989000
2026-02-01 23:50:11.715 [32mDEBUG[0;39m [cheduled-task-4] [35m[SYSTEM][0;39m [36mc.c.b.s.impl.CollectionServiceImpl      [0;39m : Updated 305 attributes for EQA72Uevr_MHvzYwSCHJUK-uC6kd-w8kbxzhJ49WIiG-o6CD
2026-02-01 23:50:12.337 [32m INFO[0;39m [cheduled-task-1] [35m[SYSTEM][0;39m [36mc.c.b.service.impl.HistoryServiceImpl   [0;39m : Found 1 new events in GetGems history
2026-02-01 23:50:12.346 [32m INFO[0;39m [cheduled-task-1] [35m[EQD9jGPM6xCODOjF-h_tyz1q5dI-4F3qdh3fEXTJrBhvagQJ][0;39m [36mc.c.b.service.impl.HistoryServiceImpl   [0;39m : New listing detected: Candy Cane #104028. Price: 4.35 TON
2026-02-01 23:50:12.347 [32mDEBUG[0;39m [cheduled-task-1] [35m[EQD9jGPM6xCODOjF-h_tyz1q5dI-4F3qdh3fEXTJrBhvagQJ][0;39m [36mc.c.b.service.impl.HistoryServiceImpl   [0;39m : Enriching listing data from API for discovery...
2026-02-01 23:50:15.545 [32m INFO[0;39m [cheduled-task-1] [35m[EQD9jGPM6xCODOjF-h_tyz1q5dI-4F3qdh3fEXTJrBhvagQJ][0;39m [36mc.c.b.service.impl.HistoryServiceImpl   [0;39m : Sending enrichment request to gift-discovery. Model: Lime Twist, Backdrop: Pure Gold
2026-02-01 23:50:15.566 [32mDEBUG[0;39m [cheduled-task-1] [35m[EQD9jGPM6xCODOjF-h_tyz1q5dI-4F3qdh3fEXTJrBhvagQJ][0;39m [36mc.c.b.service.impl.HistoryServiceImpl   [0;39m : Enrichment request successfully sent to discovery service
2026-02-01 23:50:16.943 [32mDEBUG[0;39m [cheduled-task-4] [35m[SYSTEM][0;39m [36mc.c.b.s.impl.CollectionServiceImpl      [0;39m : Updated 276 attributes for EQD6mH9bwbn6S3M_tCRWOvqAIW8M34kRwbI01niGLRPeDPsl
2026-02-01 23:50:18.583 [32mDEBUG[0;39m [cheduled-task-1] [35m[SYSTEM][0;39m [36mc.c.b.service.impl.HistoryServiceImpl   [0;39m : Polling GetGems history since: 1769978989000
2026-02-01 23:50:19.567 [32m INFO[0;39m [cheduled-task-1] [35m[SYSTEM][0;39m [36mc.c.b.service.impl.HistoryServiceImpl   [0;39m : Found 1 new events in GetGems history
2026-02-01 23:50:19.574 [32m INFO[0;39m [cheduled-task-1] [35m[EQD9jGPM6xCODOjF-h_tyz1q5dI-4F3qdh3fEXTJrBhvagQJ][0;39m [36mc.c.b.service.impl.HistoryServiceImpl   [0;39m : New listing detected: Candy Cane #104028. Price: 4.35 TON
2026-02-01 23:50:19.575 [32mDEBUG[0;39m [cheduled-task-1] [35m[EQD9jGPM6xCODOjF-h_tyz1q5dI-4F3qdh3fEXTJrBhvagQJ][0;39m [36mc.c.b.service.impl.HistoryServiceImpl   [0;39m : Enriching listing data from API for discovery...
2026-02-01 23:50:20.289 [32m INFO[0;39m [cheduled-task-1] [35m[EQD9jGPM6xCODOjF-h_tyz1q5dI-4F3qdh3fEXTJrBhvagQJ][0;39m [36mc.c.b.service.impl.HistoryServiceImpl   [0;39m : Sending enrichment request to gift-discovery. Model: Lime Twist, Backdrop: Pure Gold
2026-02-01 23:50:20.301 [32mDEBUG[0;39m [cheduled-task-1] [35m[EQD9jGPM6xCODOjF-h_tyz1q5dI-4F3qdh3fEXTJrBhvagQJ][0;39m [36mc.c.b.service.impl.HistoryServiceImpl   [0;39m : Enrichment request successfully sent to discovery service
2026-02-01 23:50:20.395 [32mDEBUG[0;39m [cheduled-task-4] [35m[SYSTEM][0;39m [36mc.c.b.s.impl.CollectionServiceImpl      [0;39m : Updated 305 attributes for EQAo_snApDDqF6GKV0xe_T5oe28r842gJtgmkgPMhX0-dRkh
2026-02-01 23:50:23.019 [32mDEBUG[0;39m [cheduled-task-4] [35m[SYSTEM][0;39m [36mc.c.b.s.impl.CollectionServiceImpl      [0;39m : Updated 370 attributes for EQCEVLBbgzL5Ih9bzMkneLi68xzOelYN3NEugm_4gZTpuAFP
2026-02-01 23:50:23.331 [32mDEBUG[0;39m [cheduled-task-1] [35m[SYSTEM][0;39m [36mc.c.b.service.impl.HistoryServiceImpl   [0;39m : Polling GetGems history since: 1769978989000
2026-02-01 23:50:24.595 [32m INFO[0;39m [cheduled-task-1] [35m[SYSTEM][0;39m [36mc.c.b.service.impl.HistoryServiceImpl   [0;39m : Found 2 new events in GetGems history
2026-02-01 23:50:24.649 [32mDEBUG[0;39m [cheduled-task-1] [35m[EQAaFaJLdkpxtUlxlOz1l_VJQM-FB7dJVHyJ2mTcB_Se7j5U][0;39m [36mc.c.b.service.impl.HistoryServiceImpl   [0;39m : Event 0c7e0d0cfd0cad53c40b0af8a28c2e124fd4bafffd3a5213f8ea6c848bde75e4 saved to history database
2026-02-01 23:50:24.650 [32m INFO[0;39m [cheduled-task-1] [35m[EQAaFaJLdkpxtUlxlOz1l_VJQM-FB7dJVHyJ2mTcB_Se7j5U][0;39m [36mc.c.b.service.impl.HistoryServiceImpl   [0;39m : New listing detected: Mousse Cake #54460. Price: 5 TON
2026-02-01 23:50:24.650 [32mDEBUG[0;39m [cheduled-task-1] [35m[EQAaFaJLdkpxtUlxlOz1l_VJQM-FB7dJVHyJ2mTcB_Se7j5U][0;39m [36mc.c.b.service.impl.HistoryServiceImpl   [0;39m : Enriching listing data from API for discovery...
2026-02-01 23:50:25.434 [32m INFO[0;39m [cheduled-task-1] [35m[EQAaFaJLdkpxtUlxlOz1l_VJQM-FB7dJVHyJ2mTcB_Se7j5U][0;39m [36mc.c.b.service.impl.HistoryServiceImpl   [0;39m : Sending enrichment request to gift-discovery. Model: Bubble Jar, Backdrop: Navy Blue
2026-02-01 23:50:25.446 [32mDEBUG[0;39m [cheduled-task-1] [35m[EQAaFaJLdkpxtUlxlOz1l_VJQM-FB7dJVHyJ2mTcB_Se7j5U][0;39m [36mc.c.b.service.impl.HistoryServiceImpl   [0;39m : Enrichment request successfully sent to discovery service
2026-02-01 23:50:25.453 [32m INFO[0;39m [cheduled-task-1] [35m[EQD9jGPM6xCODOjF-h_tyz1q5dI-4F3qdh3fEXTJrBhvagQJ][0;39m [36mc.c.b.service.impl.HistoryServiceImpl   [0;39m : New listing detected: Candy Cane #104028. Price: 4.35 TON
2026-02-01 23:50:25.453 [32mDEBUG[0;39m [cheduled-task-1] [35m[EQD9jGPM6xCODOjF-h_tyz1q5dI-4F3qdh3fEXTJrBhvagQJ][0;39m [36mc.c.b.service.impl.HistoryServiceImpl   [0;39m : Enriching listing data from API for discovery...
2026-02-01 23:50:26.504 [32m INFO[0;39m [cheduled-task-1] [35m[EQD9jGPM6xCODOjF-h_tyz1q5dI-4F3qdh3fEXTJrBhvagQJ][0;39m [36mc.c.b.service.impl.HistoryServiceImpl   [0;39m : Sending enrichment request to gift-discovery. Model: Lime Twist, Backdrop: Pure Gold
2026-02-01 23:50:26.531 [32mDEBUG[0;39m [cheduled-task-1] [35m[EQD9jGPM6xCODOjF-h_tyz1q5dI-4F3qdh3fEXTJrBhvagQJ][0;39m [36mc.c.b.service.impl.HistoryServiceImpl   [0;39m : Enrichment request successfully sent to discovery service
2026-02-01 23:50:28.333 [32mDEBUG[0;39m [cheduled-task-4] [35m[SYSTEM][0;39m [36mc.c.b.s.impl.CollectionServiceImpl      [0;39m : Updated 426 attributes for EQA_kx2WOydXWzYUYO1DP80aHl4yhlLGYhxjPAtRPNjMgfYM
2026-02-01 23:50:29.594 [32mDEBUG[0;39m [cheduled-task-1] [35m[SYSTEM][0;39m [36mc.c.b.service.impl.HistoryServiceImpl   [0;39m : Polling GetGems history since: 1769979014000
2026-02-01 23:50:30.139 [32m INFO[0;39m [cheduled-task-1] [35m[SYSTEM][0;39m [36mc.c.b.service.impl.HistoryServiceImpl   [0;39m : Found 1 new events in GetGems history
2026-02-01 23:50:30.147 [32m INFO[0;39m [cheduled-task-1] [35m[EQAaFaJLdkpxtUlxlOz1l_VJQM-FB7dJVHyJ2mTcB_Se7j5U][0;39m [36mc.c.b.service.impl.HistoryServiceImpl   [0;39m : New listing detected: Mousse Cake #54460. Price: 5 TON
2026-02-01 23:50:30.148 [32mDEBUG[0;39m [cheduled-task-1] [35m[EQAaFaJLdkpxtUlxlOz1l_VJQM-FB7dJVHyJ2mTcB_Se7j5U][0;39m [36mc.c.b.service.impl.HistoryServiceImpl   [0;39m : Enriching listing data from API for discovery...
2026-02-01 23:50:30.786 [32m INFO[0;39m [cheduled-task-1] [35m[EQAaFaJLdkpxtUlxlOz1l_VJQM-FB7dJVHyJ2mTcB_Se7j5U][0;39m [36mc.c.b.service.impl.HistoryServiceImpl   [0;39m : Sending enrichment request to gift-discovery. Model: Bubble Jar, Backdrop: Navy Blue
2026-02-01 23:50:30.810 [32mDEBUG[0;39m [cheduled-task-1] [35m[EQAaFaJLdkpxtUlxlOz1l_VJQM-FB7dJVHyJ2mTcB_Se7j5U][0;39m [36mc.c.b.service.impl.HistoryServiceImpl   [0;39m : Enrichment request successfully sent to discovery service
2026-02-01 23:50:30.894 [32mDEBUG[0;39m [cheduled-task-4] [35m[SYSTEM][0;39m [36mc.c.b.s.impl.CollectionServiceImpl      [0;39m : Updated 380 attributes for EQDIruSTyxvq60gUH8j2kkj3qzoBrBaJy9WkKbeNNRasWe4j
2026-02-01 23:50:33.833 [32mDEBUG[0;39m [cheduled-task-1] [35m[SYSTEM][0;39m [36mc.c.b.service.impl.HistoryServiceImpl   [0;39m : Polling GetGems history since: 1769979014000
2026-02-01 23:50:34.543 [32m INFO[0;39m [cheduled-task-1] [35m[SYSTEM][0;39m [36mc.c.b.service.impl.HistoryServiceImpl   [0;39m : Found 1 new events in GetGems history
2026-02-01 23:50:34.588 [32m INFO[0;39m [cheduled-task-1] [35m[EQAaFaJLdkpxtUlxlOz1l_VJQM-FB7dJVHyJ2mTcB_Se7j5U][0;39m [36mc.c.b.service.impl.HistoryServiceImpl   [0;39m : New listing detected: Mousse Cake #54460. Price: 5 TON
2026-02-01 23:50:34.597 [32mDEBUG[0;39m [cheduled-task-1] [35m[EQAaFaJLdkpxtUlxlOz1l_VJQM-FB7dJVHyJ2mTcB_Se7j5U][0;39m [36mc.c.b.service.impl.HistoryServiceImpl   [0;39m : Enriching listing data from API for discovery...
2026-02-01 23:50:35.251 [32m INFO[0;39m [cheduled-task-1] [35m[EQAaFaJLdkpxtUlxlOz1l_VJQM-FB7dJVHyJ2mTcB_Se7j5U][0;39m [36mc.c.b.service.impl.HistoryServiceImpl   [0;39m : Sending enrichment request to gift-discovery. Model: Bubble Jar, Backdrop: Navy Blue
2026-02-01 23:50:35.261 [32mDEBUG[0;39m [cheduled-task-1] [35m[EQAaFaJLdkpxtUlxlOz1l_VJQM-FB7dJVHyJ2mTcB_Se7j5U][0;39m [36mc.c.b.service.impl.HistoryServiceImpl   [0;39m : Enrichment request successfully sent to discovery service
2026-02-01 23:50:35.483 [32mDEBUG[0;39m [cheduled-task-4] [35m[SYSTEM][0;39m [36mc.c.b.s.impl.CollectionServiceImpl      [0;39m : Updated 268 attributes for EQDLM65t0shS7gZAg0lMltGHYhsU94PzsMJHhYibmRV7kdUs
2026-02-01 23:50:38.059 [32mDEBUG[0;39m [cheduled-task-4] [35m[SYSTEM][0;39m [36mc.c.b.s.impl.CollectionServiceImpl      [0;39m : Updated 298 attributes for EQB8zLzEOFQK3qTyMYgPD8BuzmNwblnouqaB80PW-s2E7nct
2026-02-01 23:50:38.279 [32mDEBUG[0;39m [cheduled-task-1] [35m[SYSTEM][0;39m [36mc.c.b.service.impl.HistoryServiceImpl   [0;39m : Polling GetGems history since: 1769979014000
2026-02-01 23:50:39.360 [32m INFO[0;39m [cheduled-task-1] [35m[SYSTEM][0;39m [36mc.c.b.service.impl.HistoryServiceImpl   [0;39m : Found 1 new events in GetGems history
2026-02-01 23:50:39.365 [32m INFO[0;39m [cheduled-task-1] [35m[EQAaFaJLdkpxtUlxlOz1l_VJQM-FB7dJVHyJ2mTcB_Se7j5U][0;39m [36mc.c.b.service.impl.HistoryServiceImpl   [0;39m : New listing detected: Mousse Cake #54460. Price: 5 TON
2026-02-01 23:50:39.365 [32mDEBUG[0;39m [cheduled-task-1] [35m[EQAaFaJLdkpxtUlxlOz1l_VJQM-FB7dJVHyJ2mTcB_Se7j5U][0;39m [36mc.c.b.service.impl.HistoryServiceImpl   [0;39m : Enriching listing data from API for discovery...
2026-02-01 23:50:40.105 [32m INFO[0;39m [cheduled-task-1] [35m[EQAaFaJLdkpxtUlxlOz1l_VJQM-FB7dJVHyJ2mTcB_Se7j5U][0;39m [36mc.c.b.service.impl.HistoryServiceImpl   [0;39m : Sending enrichment request to gift-discovery. Model: Bubble Jar, Backdrop: Navy Blue
2026-02-01 23:50:40.120 [32mDEBUG[0;39m [cheduled-task-1] [35m[EQAaFaJLdkpxtUlxlOz1l_VJQM-FB7dJVHyJ2mTcB_Se7j5U][0;39m [36mc.c.b.service.impl.HistoryServiceImpl   [0;39m : Enrichment request successfully sent to discovery service
2026-02-01 23:50:43.150 [32mDEBUG[0;39m [cheduled-task-1] [35m[SYSTEM][0;39m [36mc.c.b.service.impl.HistoryServiceImpl   [0;39m : Polling GetGems history since: 1769979014000
2026-02-01 23:50:44.861 [32mDEBUG[0;39m [cheduled-task-4] [35m[SYSTEM][0;39m [36mc.c.b.s.impl.CollectionServiceImpl      [0;39m : Updated 323 attributes for EQARIAumGWBmKSv2BoMxtunCEFybIn6nimCq_laeqkD-AVSk
2026-02-01 23:50:45.734 [32m INFO[0;39m [cheduled-task-1] [35m[SYSTEM][0;39m [36mc.c.b.service.impl.HistoryServiceImpl   [0;39m : Found 1 new events in GetGems history
2026-02-01 23:50:45.740 [32m INFO[0;39m [cheduled-task-1] [35m[EQAaFaJLdkpxtUlxlOz1l_VJQM-FB7dJVHyJ2mTcB_Se7j5U][0;39m [36mc.c.b.service.impl.HistoryServiceImpl   [0;39m : New listing detected: Mousse Cake #54460. Price: 5 TON
2026-02-01 23:50:45.740 [32mDEBUG[0;39m [cheduled-task-1] [35m[EQAaFaJLdkpxtUlxlOz1l_VJQM-FB7dJVHyJ2mTcB_Se7j5U][0;39m [36mc.c.b.service.impl.HistoryServiceImpl   [0;39m : Enriching listing data from API for discovery...
2026-02-01 23:50:46.804 [32m INFO[0;39m [cheduled-task-1] [35m[EQAaFaJLdkpxtUlxlOz1l_VJQM-FB7dJVHyJ2mTcB_Se7j5U][0;39m [36mc.c.b.service.impl.HistoryServiceImpl   [0;39m : Sending enrichment request to gift-discovery. Model: Bubble Jar, Backdrop: Navy Blue
2026-02-01 23:50:46.818 [32mDEBUG[0;39m [cheduled-task-1] [35m[EQAaFaJLdkpxtUlxlOz1l_VJQM-FB7dJVHyJ2mTcB_Se7j5U][0;39m [36mc.c.b.service.impl.HistoryServiceImpl   [0;39m : Enrichment request successfully sent to discovery service
2026-02-01 23:50:49.848 [32mDEBUG[0;39m [cheduled-task-1] [35m[SYSTEM][0;39m [36mc.c.b.service.impl.HistoryServiceImpl   [0;39m : Polling GetGems history since: 1769979014000
2026-02-01 23:50:53.471 [32mDEBUG[0;39m [cheduled-task-4] [35m[SYSTEM][0;39m [36mc.c.b.s.impl.CollectionServiceImpl      [0;39m : Updated 380 attributes for EQAUffQWl09_yhXDTp8oN13Px8ygPm0xcyNGhHOiONV-x3om
2026-02-01 23:50:53.488 [32m INFO[0;39m [cheduled-task-1] [35m[SYSTEM][0;39m [36mc.c.b.service.impl.HistoryServiceImpl   [0;39m : Found 2 new events in GetGems history
2026-02-01 23:50:53.595 [32mDEBUG[0;39m [cheduled-task-1] [35m[EQBokJ2znKTD4PqJfMYxwdemV-lp0kZvfF7TchHvnPtmGwT8][0;39m [36mc.c.b.service.impl.HistoryServiceImpl   [0;39m : Event eed7a15fd7feca948b97fbb4942cd188f60d9bab2272ddaa1cbe94c7c6fb6d68 saved to history database
2026-02-01 23:50:53.595 [32m INFO[0;39m [cheduled-task-1] [35m[EQBokJ2znKTD4PqJfMYxwdemV-lp0kZvfF7TchHvnPtmGwT8][0;39m [36mc.c.b.service.impl.HistoryServiceImpl   [0;39m : New listing detected: Party Sparkler #77499. Price: 4 TON
2026-02-01 23:50:53.595 [32mDEBUG[0;39m [cheduled-task-1] [35m[EQBokJ2znKTD4PqJfMYxwdemV-lp0kZvfF7TchHvnPtmGwT8][0;39m [36mc.c.b.service.impl.HistoryServiceImpl   [0;39m : Enriching listing data from API for discovery...
2026-02-01 23:50:54.887 [32m INFO[0;39m [cheduled-task-1] [35m[EQBokJ2znKTD4PqJfMYxwdemV-lp0kZvfF7TchHvnPtmGwT8][0;39m [36mc.c.b.service.impl.HistoryServiceImpl   [0;39m : Sending enrichment request to gift-discovery. Model: Indigo Dance, Backdrop: Neon Blue
2026-02-01 23:50:54.905 [32mDEBUG[0;39m [cheduled-task-1] [35m[EQBokJ2znKTD4PqJfMYxwdemV-lp0kZvfF7TchHvnPtmGwT8][0;39m [36mc.c.b.service.impl.HistoryServiceImpl   [0;39m : Enrichment request successfully sent to discovery service
2026-02-01 23:50:54.912 [32m INFO[0;39m [cheduled-task-1] [35m[EQAaFaJLdkpxtUlxlOz1l_VJQM-FB7dJVHyJ2mTcB_Se7j5U][0;39m [36mc.c.b.service.impl.HistoryServiceImpl   [0;39m : New listing detected: Mousse Cake #54460. Price: 5 TON
2026-02-01 23:50:54.912 [32mDEBUG[0;39m [cheduled-task-1] [35m[EQAaFaJLdkpxtUlxlOz1l_VJQM-FB7dJVHyJ2mTcB_Se7j5U][0;39m [36mc.c.b.service.impl.HistoryServiceImpl   [0;39m : Enriching listing data from API for discovery...
2026-02-01 23:50:56.122 [32m INFO[0;39m [cheduled-task-1] [35m[EQAaFaJLdkpxtUlxlOz1l_VJQM-FB7dJVHyJ2mTcB_Se7j5U][0;39m [36mc.c.b.service.impl.HistoryServiceImpl   [0;39m : Sending enrichment request to gift-discovery. Model: Bubble Jar, Backdrop: Navy Blue
2026-02-01 23:50:56.127 [32mDEBUG[0;39m [cheduled-task-1] [35m[EQAaFaJLdkpxtUlxlOz1l_VJQM-FB7dJVHyJ2mTcB_Se7j5U][0;39m [36mc.c.b.service.impl.HistoryServiceImpl   [0;39m : Enrichment request successfully sent to discovery service
2026-02-01 23:50:57.477 [32mDEBUG[0;39m [cheduled-task-4] [35m[SYSTEM][0;39m [36mc.c.b.s.impl.CollectionServiceImpl      [0;39m : Updated 276 attributes for EQBzZLNIr4lie0pTfrbRsANJOtFYwY5gmngRfs84Ras5-aVN
2026-02-01 23:50:59.160 [32mDEBUG[0;39m [cheduled-task-2] [35m[SYSTEM][0;39m [36mc.c.b.service.impl.HistoryServiceImpl   [0;39m : Polling GetGems history since: 1769979043000
2026-02-01 23:50:59.705 [32m INFO[0;39m [cheduled-task-2] [35m[SYSTEM][0;39m [36mc.c.b.service.impl.HistoryServiceImpl   [0;39m : Found 1 new events in GetGems history
2026-02-01 23:50:59.714 [32m INFO[0;39m [cheduled-task-2] [35m[EQBokJ2znKTD4PqJfMYxwdemV-lp0kZvfF7TchHvnPtmGwT8][0;39m [36mc.c.b.service.impl.HistoryServiceImpl   [0;39m : New listing detected: Party Sparkler #77499. Price: 4 TON
2026-02-01 23:50:59.715 [32mDEBUG[0;39m [cheduled-task-2] [35m[EQBokJ2znKTD4PqJfMYxwdemV-lp0kZvfF7TchHvnPtmGwT8][0;39m [36mc.c.b.service.impl.HistoryServiceImpl   [0;39m : Enriching listing data from API for discovery...
2026-02-01 23:50:59.807 [32mDEBUG[0;39m [cheduled-task-4] [35m[SYSTEM][0;39m [36mc.c.b.s.impl.CollectionServiceImpl      [0;39m : Updated 305 attributes for EQCgaTxb2wA_3Bi8Ec4FFNu8CauoHo0VPpnwxdrhAgOrOXvA
2026-02-01 23:51:00.599 [32m INFO[0;39m [cheduled-task-2] [35m[EQBokJ2znKTD4PqJfMYxwdemV-lp0kZvfF7TchHvnPtmGwT8][0;39m [36mc.c.b.service.impl.HistoryServiceImpl   [0;39m : Sending enrichment request to gift-discovery. Model: Indigo Dance, Backdrop: Neon Blue
2026-02-01 23:51:00.619 [32mDEBUG[0;39m [cheduled-task-2] [35m[EQBokJ2znKTD4PqJfMYxwdemV-lp0kZvfF7TchHvnPtmGwT8][0;39m [36mc.c.b.service.impl.HistoryServiceImpl   [0;39m : Enrichment request successfully sent to discovery service
2026-02-01 23:51:01.678 [32mDEBUG[0;39m [cheduled-task-4] [35m[SYSTEM][0;39m [36mc.c.b.s.impl.CollectionServiceImpl      [0;39m : Updated 389 attributes for EQAlROpjm1k1mW30r61qRx3lYHsZkTKXVSiaHEIhOlnYA4oy
2026-02-01 23:51:03.628 [32mDEBUG[0;39m [cheduled-task-2] [35m[SYSTEM][0;39m [36mc.c.b.service.impl.HistoryServiceImpl   [0;39m : Polling GetGems history since: 1769979043000
2026-02-01 23:51:04.024 [32mDEBUG[0;39m [cheduled-task-4] [35m[SYSTEM][0;39m [36mc.c.b.s.impl.CollectionServiceImpl      [0;39m : Updated 394 attributes for EQA401QqpXtBnwIaDbFjwd5yXfP2mYiCusbJ3Zcw9eXR9CqL
2026-02-01 23:51:04.243 [32m INFO[0;39m [cheduled-task-2] [35m[SYSTEM][0;39m [36mc.c.b.service.impl.HistoryServiceImpl   [0;39m : Found 2 new events in GetGems history
2026-02-01 23:51:04.253 [32mDEBUG[0;39m [cheduled-task-2] [35m[EQAHccvpFYtCONG2FYm_Ojy3eRgaEkw-Jj3KhIKCIag4QBJl][0;39m [36mc.c.b.service.impl.HistoryServiceImpl   [0;39m : Event 0cabeac688038383181493ad2e12ffe27d81a3844ad49e3eaa459afe23b60a71 saved to history database
2026-02-01 23:51:04.265 [32m INFO[0;39m [cheduled-task-2] [35m[EQBokJ2znKTD4PqJfMYxwdemV-lp0kZvfF7TchHvnPtmGwT8][0;39m [36mc.c.b.service.impl.HistoryServiceImpl   [0;39m : New listing detected: Party Sparkler #77499. Price: 4 TON
2026-02-01 23:51:04.265 [32mDEBUG[0;39m [cheduled-task-2] [35m[EQBokJ2znKTD4PqJfMYxwdemV-lp0kZvfF7TchHvnPtmGwT8][0;39m [36mc.c.b.service.impl.HistoryServiceImpl   [0;39m : Enriching listing data from API for discovery...
2026-02-01 23:51:04.928 [32m INFO[0;39m [cheduled-task-2] [35m[EQBokJ2znKTD4PqJfMYxwdemV-lp0kZvfF7TchHvnPtmGwT8][0;39m [36mc.c.b.service.impl.HistoryServiceImpl   [0;39m : Sending enrichment request to gift-discovery. Model: Indigo Dance, Backdrop: Neon Blue
2026-02-01 23:51:04.944 [32mDEBUG[0;39m [cheduled-task-2] [35m[EQBokJ2znKTD4PqJfMYxwdemV-lp0kZvfF7TchHvnPtmGwT8][0;39m [36mc.c.b.service.impl.HistoryServiceImpl   [0;39m : Enrichment request successfully sent to discovery service
2026-02-01 23:51:05.547 [32mDEBUG[0;39m [cheduled-task-4] [35m[SYSTEM][0;39m [36mc.c.b.s.impl.CollectionServiceImpl      [0;39m : Updated 398 attributes for EQAwnP7dGfE_WO0xiCiulkAXUG1K1bWH1vE1k64T4G-7gruO
2026-02-01 23:51:07.070 [32mDEBUG[0;39m [cheduled-task-4] [35m[SYSTEM][0;39m [36mc.c.b.s.impl.CollectionServiceImpl      [0;39m : Updated 416 attributes for EQBMcfMAZlMUr1W3X8kdEw3fJMUAaWH4-XcmE5R5RfFIY0E2
2026-02-01 23:51:07.957 [32mDEBUG[0;39m [cheduled-task-2] [35m[SYSTEM][0;39m [36mc.c.b.service.impl.HistoryServiceImpl   [0;39m : Polling GetGems history since: 1769979055000
2026-02-01 23:51:08.457 [32m INFO[0;39m [cheduled-task-2] [35m[SYSTEM][0;39m [36mc.c.b.service.impl.HistoryServiceImpl   [0;39m : Found 2 new events in GetGems history
2026-02-01 23:51:08.468 [32mDEBUG[0;39m [cheduled-task-2] [35m[EQf_tg_gift_______________________8Zbd2pAAPvK78u][0;39m [36mc.c.b.service.impl.HistoryServiceImpl   [0;39m : Event 19c1af937dffb60fe089fb7fffffffffffffffffffffffffffffffffff196ddda90003ef2b saved to history database
2026-02-01 23:51:08.468 [32m INFO[0;39m [cheduled-task-2] [35m[EQf_tg_gift_______________________8Zbd2pAAPvK78u][0;39m [36mc.c.b.service.impl.HistoryServiceImpl   [0;39m : New listing detected: Snoop Dogg #257835. Price: 19 TON
2026-02-01 23:51:08.468 [32mDEBUG[0;39m [cheduled-task-2] [35m[EQf_tg_gift_______________________8Zbd2pAAPvK78u][0;39m [36mc.c.b.service.impl.HistoryServiceImpl   [0;39m : Enriching listing data from API for discovery...
2026-02-01 23:51:08.904 [32m INFO[0;39m [cheduled-task-2] [35m[EQf_tg_gift_______________________8Zbd2pAAPvK78u][0;39m [36mc.c.b.service.impl.HistoryServiceImpl   [0;39m : Sending enrichment request to gift-discovery. Model: Black Gold, Backdrop: Rifle Green
2026-02-01 23:51:08.914 [32mDEBUG[0;39m [cheduled-task-2] [35m[EQf_tg_gift_______________________8Zbd2pAAPvK78u][0;39m [36mc.c.b.service.impl.HistoryServiceImpl   [0;39m : Enrichment request successfully sent to discovery service
2026-02-01 23:51:08.918 [32mDEBUG[0;39m [cheduled-task-4] [35m[SYSTEM][0;39m [36mc.c.b.s.impl.CollectionServiceImpl      [0;39m : Updated 339 attributes for EQBw2tO5UaJ4c_YXt3I8y5KD0k37staZxedV2O5HmryiK0dN
2026-02-01 23:51:10.064 [32mDEBUG[0;39m [cheduled-task-4] [35m[SYSTEM][0;39m [36mc.c.b.s.impl.CollectionServiceImpl      [0;39m : Updated 378 attributes for EQDL7HMbca0FufrjHFcRoiLkEiOXkXoO_vH2gVUN8JNp4khK
2026-02-01 23:51:11.443 [32mDEBUG[0;39m [cheduled-task-4] [35m[SYSTEM][0;39m [36mc.c.b.s.impl.CollectionServiceImpl      [0;39m : Updated 275 attributes for EQDaj18cd61VLZHCHsM7sKbfxBudD3gaSfcN02olVnQ3BCIB
2026-02-01 23:51:11.934 [32mDEBUG[0;39m [cheduled-task-2] [35m[SYSTEM][0;39m [36mc.c.b.service.impl.HistoryServiceImpl   [0;39m : Polling GetGems history since: 1769979066000
2026-02-01 23:51:12.949 [32m INFO[0;39m [cheduled-task-2] [35m[SYSTEM][0;39m [36mc.c.b.service.impl.HistoryServiceImpl   [0;39m : Found 1 new events in GetGems history
2026-02-01 23:51:12.961 [32m INFO[0;39m [cheduled-task-2] [35m[EQf_tg_gift_______________________8Zbd2pAAPvK78u][0;39m [36mc.c.b.service.impl.HistoryServiceImpl   [0;39m : New listing detected: Snoop Dogg #257835. Price: 19 TON
2026-02-01 23:51:12.961 [32mDEBUG[0;39m [cheduled-task-2] [35m[EQf_tg_gift_______________________8Zbd2pAAPvK78u][0;39m [36mc.c.b.service.impl.HistoryServiceImpl   [0;39m : Enriching listing data from API for discovery...
2026-02-01 23:51:13.704 [32m INFO[0;39m [cheduled-task-2] [35m[EQf_tg_gift_______________________8Zbd2pAAPvK78u][0;39m [36mc.c.b.service.impl.HistoryServiceImpl   [0;39m : Sending enrichment request to gift-discovery. Model: Black Gold, Backdrop: Rifle Green
2026-02-01 23:51:13.723 [32mDEBUG[0;39m [cheduled-task-2] [35m[EQf_tg_gift_______________________8Zbd2pAAPvK78u][0;39m [36mc.c.b.service.impl.HistoryServiceImpl   [0;39m : Enrichment request successfully sent to discovery service
2026-02-01 23:51:14.681 [32mDEBUG[0;39m [cheduled-task-4] [35m[SYSTEM][0;39m [36mc.c.b.s.impl.CollectionServiceImpl      [0;39m : Updated 248 attributes for EQATuUGdvrjLvTWE5ppVFOVCqU2dlCLUnKTsu0n1JYm9la10
2026-02-01 23:51:15.801 [32mDEBUG[0;39m [cheduled-task-4] [35m[SYSTEM][0;39m [36mc.c.b.s.impl.CollectionServiceImpl      [0;39m : Updated 305 attributes for EQDjBdu3zS-JT94OwIup4KVNaQjxDzGcIPRJ24Ha0Y8jLw83
2026-02-01 23:51:16.751 [32mDEBUG[0;39m [cheduled-task-1] [35m[SYSTEM][0;39m [36mc.c.b.service.impl.HistoryServiceImpl   [0;39m : Polling GetGems history since: 1769979066000
2026-02-01 23:51:17.176 [32m INFO[0;39m [cheduled-task-1] [35m[SYSTEM][0;39m [36mc.c.b.service.impl.HistoryServiceImpl   [0;39m : Found 1 new events in GetGems history
2026-02-01 23:51:17.186 [32m INFO[0;39m [cheduled-task-1] [35m[EQf_tg_gift_______________________8Zbd2pAAPvK78u][0;39m [36mc.c.b.service.impl.HistoryServiceImpl   [0;39m : New listing detected: Snoop Dogg #257835. Price: 19 TON
2026-02-01 23:51:17.186 [32mDEBUG[0;39m [cheduled-task-1] [35m[EQf_tg_gift_______________________8Zbd2pAAPvK78u][0;39m [36mc.c.b.service.impl.HistoryServiceImpl   [0;39m : Enriching listing data from API for discovery...
2026-02-01 23:51:17.193 [32mDEBUG[0;39m [cheduled-task-4] [35m[SYSTEM][0;39m [36mc.c.b.s.impl.CollectionServiceImpl      [0;39m : Updated 380 attributes for EQAoJw7BpOcBD3y9voMuEQ-qhS3K4gtM-6EePLxkzk8iSifX
2026-02-01 23:51:17.702 [32m INFO[0;39m [cheduled-task-1] [35m[EQf_tg_gift_______________________8Zbd2pAAPvK78u][0;39m [36mc.c.b.service.impl.HistoryServiceImpl   [0;39m : Sending enrichment request to gift-discovery. Model: Black Gold, Backdrop: Rifle Green
2026-02-01 23:51:17.707 [32mDEBUG[0;39m [cheduled-task-1] [35m[EQf_tg_gift_______________________8Zbd2pAAPvK78u][0;39m [36mc.c.b.service.impl.HistoryServiceImpl   [0;39m : Enrichment request successfully sent to discovery service
2026-02-01 23:51:19.220 [32mDEBUG[0;39m [cheduled-task-4] [35m[SYSTEM][0;39m [36mc.c.b.s.impl.CollectionServiceImpl      [0;39m : Updated 380 attributes for EQCeTSJOPXP_SSvOjILY-kui4bGHUmsa-U7TXP4DjUANTl4s
2026-02-01 23:51:20.724 [32mDEBUG[0;39m [cheduled-task-1] [35m[SYSTEM][0;39m [36mc.c.b.service.impl.HistoryServiceImpl   [0;39m : Polling GetGems history since: 1769979066000
2026-02-01 23:51:20.876 [32mDEBUG[0;39m [cheduled-task-4] [35m[SYSTEM][0;39m [36mc.c.b.s.impl.CollectionServiceImpl      [0;39m : Updated 276 attributes for EQBBLRFtC_3PLxNpWX5nfchwapk7eWcG3dzKoxbV6cWzqROo
2026-02-01 23:51:21.311 [32m INFO[0;39m [cheduled-task-1] [35m[SYSTEM][0;39m [36mc.c.b.service.impl.HistoryServiceImpl   [0;39m : Found 1 new events in GetGems history
2026-02-01 23:51:21.318 [32m INFO[0;39m [cheduled-task-1] [35m[EQf_tg_gift_______________________8Zbd2pAAPvK78u][0;39m [36mc.c.b.service.impl.HistoryServiceImpl   [0;39m : New listing detected: Snoop Dogg #257835. Price: 19 TON
2026-02-01 23:51:21.319 [32mDEBUG[0;39m [cheduled-task-1] [35m[EQf_tg_gift_______________________8Zbd2pAAPvK78u][0;39m [36mc.c.b.service.impl.HistoryServiceImpl   [0;39m : Enriching listing data from API for discovery...
2026-02-01 23:51:22.551 [32m INFO[0;39m [cheduled-task-1] [35m[EQf_tg_gift_______________________8Zbd2pAAPvK78u][0;39m [36mc.c.b.service.impl.HistoryServiceImpl   [0;39m : Sending enrichment request to gift-discovery. Model: Black Gold, Backdrop: Rifle Green
2026-02-01 23:51:22.568 [32mDEBUG[0;39m [cheduled-task-1] [35m[EQf_tg_gift_______________________8Zbd2pAAPvK78u][0;39m [36mc.c.b.service.impl.HistoryServiceImpl   [0;39m : Enrichment request successfully sent to discovery service
2026-02-01 23:51:24.660 [32mDEBUG[0;39m [cheduled-task-4] [35m[SYSTEM][0;39m [36mc.c.b.s.impl.CollectionServiceImpl      [0;39m : Updated 390 attributes for EQAZjuUJmbP-V4Ryowjexh7bIcdNrrojr0WKSpdggB0zbst5
2026-02-01 23:51:25.592 [32mDEBUG[0;39m [cheduled-task-1] [35m[SYSTEM][0;39m [36mc.c.b.service.impl.HistoryServiceImpl   [0;39m : Polling GetGems history since: 1769979066000
2026-02-01 23:51:26.472 [32m INFO[0;39m [cheduled-task-1] [35m[SYSTEM][0;39m [36mc.c.b.service.impl.HistoryServiceImpl   [0;39m : Found 1 new events in GetGems history
2026-02-01 23:51:26.478 [32m INFO[0;39m [cheduled-task-1] [35m[EQf_tg_gift_______________________8Zbd2pAAPvK78u][0;39m [36mc.c.b.service.impl.HistoryServiceImpl   [0;39m : New listing detected: Snoop Dogg #257835. Price: 19 TON
2026-02-01 23:51:26.479 [32mDEBUG[0;39m [cheduled-task-1] [35m[EQf_tg_gift_______________________8Zbd2pAAPvK78u][0;39m [36mc.c.b.service.impl.HistoryServiceImpl   [0;39m : Enriching listing data from API for discovery...
2026-02-01 23:51:27.061 [32m INFO[0;39m [cheduled-task-1] [35m[EQf_tg_gift_______________________8Zbd2pAAPvK78u][0;39m [36mc.c.b.service.impl.HistoryServiceImpl   [0;39m : Sending enrichment request to gift-discovery. Model: Black Gold, Backdrop: Rifle Green
2026-02-01 23:51:27.136 [32mDEBUG[0;39m [cheduled-task-1] [35m[EQf_tg_gift_______________________8Zbd2pAAPvK78u][0;39m [36mc.c.b.service.impl.HistoryServiceImpl   [0;39m : Enrichment request successfully sent to discovery service
2026-02-01 23:51:27.259 [32mDEBUG[0;39m [cheduled-task-4] [35m[SYSTEM][0;39m [36mc.c.b.s.impl.CollectionServiceImpl      [0;39m : Updated 339 attributes for EQBaOL8mH5YywkXjkps65X1OLPNH7pns4YcfLmaVpFaoNKZn
2026-02-01 23:51:28.479 [32mDEBUG[0;39m [cheduled-task-4] [35m[SYSTEM][0;39m [36mc.c.b.s.impl.CollectionServiceImpl      [0;39m : Updated 296 attributes for EQCa1I09fE9UoTV6awM6QC9-fkv51hoii24w1tJoFfigG_ax
2026-02-01 23:51:30.149 [32mDEBUG[0;39m [cheduled-task-1] [35m[SYSTEM][0;39m [36mc.c.b.service.impl.HistoryServiceImpl   [0;39m : Polling GetGems history since: 1769979066000
2026-02-01 23:51:30.684 [32m INFO[0;39m [cheduled-task-1] [35m[SYSTEM][0;39m [36mc.c.b.service.impl.HistoryServiceImpl   [0;39m : Found 1 new events in GetGems history
2026-02-01 23:51:30.691 [32m INFO[0;39m [cheduled-task-1] [35m[EQf_tg_gift_______________________8Zbd2pAAPvK78u][0;39m [36mc.c.b.service.impl.HistoryServiceImpl   [0;39m : New listing detected: Snoop Dogg #257835. Price: 19 TON
2026-02-01 23:51:30.693 [32mDEBUG[0;39m [cheduled-task-1] [35m[EQf_tg_gift_______________________8Zbd2pAAPvK78u][0;39m [36mc.c.b.service.impl.HistoryServiceImpl   [0;39m : Enriching listing data from API for discovery...
2026-02-01 23:51:30.759 [32mDEBUG[0;39m [cheduled-task-4] [35m[SYSTEM][0;39m [36mc.c.b.s.impl.CollectionServiceImpl      [0;39m : Updated 380 attributes for EQBIj0uF-qIASqv6qIvcTif2wKSdt4WQc4mcoBywNp5GntuG
2026-02-01 23:51:31.221 [32m INFO[0;39m [cheduled-task-1] [35m[EQf_tg_gift_______________________8Zbd2pAAPvK78u][0;39m [36mc.c.b.service.impl.HistoryServiceImpl   [0;39m : Sending enrichment request to gift-discovery. Model: Black Gold, Backdrop: Rifle Green
2026-02-01 23:51:31.231 [32mDEBUG[0;39m [cheduled-task-1] [35m[EQf_tg_gift_______________________8Zbd2pAAPvK78u][0;39m [36mc.c.b.service.impl.HistoryServiceImpl   [0;39m : Enrichment request successfully sent to discovery service
2026-02-01 23:51:32.705 [32mDEBUG[0;39m [cheduled-task-4] [35m[SYSTEM][0;39m [36mc.c.b.s.impl.CollectionServiceImpl      [0;39m : Updated 388 attributes for EQBT9PbZBR6FGcZBSnwgo-DLpc0r7_X_8dlhG5UA6v9l9uJM
2026-02-01 23:51:34.256 [32mDEBUG[0;39m [cheduled-task-1] [35m[SYSTEM][0;39m [36mc.c.b.service.impl.HistoryServiceImpl   [0;39m : Polling GetGems history since: 1769979066000
2026-02-01 23:51:34.564 [32mDEBUG[0;39m [cheduled-task-4] [35m[SYSTEM][0;39m [36mc.c.b.s.impl.CollectionServiceImpl      [0;39m : Updated 390 attributes for EQBSIId7sMmlqN8oBGaMNtUeuaLeSQPUR1ByMwpnfWL3hhZq
2026-02-01 23:51:34.800 [32m INFO[0;39m [cheduled-task-1] [35m[SYSTEM][0;39m [36mc.c.b.service.impl.HistoryServiceImpl   [0;39m : Found 3 new events in GetGems history
2026-02-01 23:51:34.810 [32mDEBUG[0;39m [cheduled-task-1] [35m[EQf_tg_gift_______________________8Ci61GAAGQzR11][0;39m [36mc.c.b.service.impl.HistoryServiceImpl   [0;39m : Event 19c1af99fdffb60fe089fb7fffffffffffffffffffffffffffffffffff028bad46000190cd saved to history database
2026-02-01 23:51:34.810 [32m INFO[0;39m [cheduled-task-1] [35m[EQf_tg_gift_______________________8Ci61GAAGQzR11][0;39m [36mc.c.b.service.impl.HistoryServiceImpl   [0;39m : New listing detected: Snoop Cigar #102605. Price: 23 TON
2026-02-01 23:51:34.810 [32mDEBUG[0;39m [cheduled-task-1] [35m[EQf_tg_gift_______________________8Ci61GAAGQzR11][0;39m [36mc.c.b.service.impl.HistoryServiceImpl   [0;39m : Enriching listing data from API for discovery...
2026-02-01 23:51:35.406 [32m INFO[0;39m [cheduled-task-1] [35m[EQf_tg_gift_______________________8Ci61GAAGQzR11][0;39m [36mc.c.b.service.impl.HistoryServiceImpl   [0;39m : Sending enrichment request to gift-discovery. Model: Smoke Dogg, Backdrop: Khaki Green
2026-02-01 23:51:35.421 [32mDEBUG[0;39m [cheduled-task-1] [35m[EQf_tg_gift_______________________8Ci61GAAGQzR11][0;39m [36mc.c.b.service.impl.HistoryServiceImpl   [0;39m : Enrichment request successfully sent to discovery service
2026-02-01 23:51:35.427 [32mDEBUG[0;39m [cheduled-task-1] [35m[EQCPeIQKMsF4PYXow8yjvaN6Hx-XwJgir6PhVGxvOZdg6tNp][0;39m [36mc.c.b.service.impl.HistoryServiceImpl   [0;39m : Event 27e896153a5d5de9d6cdcf275e68dd6051ca4169d5e1aa1861498df5b6069c14 saved to history database
2026-02-01 23:51:35.428 [32m INFO[0;39m [cheduled-task-1] [35m[EQCPeIQKMsF4PYXow8yjvaN6Hx-XwJgir6PhVGxvOZdg6tNp][0;39m [36mc.c.b.service.impl.HistoryServiceImpl   [0;39m : New listing detected: Jingle Bells #6046. Price: 7 TON
2026-02-01 23:51:35.429 [32mDEBUG[0;39m [cheduled-task-1] [35m[EQCPeIQKMsF4PYXow8yjvaN6Hx-XwJgir6PhVGxvOZdg6tNp][0;39m [36mc.c.b.service.impl.HistoryServiceImpl   [0;39m : Enriching listing data from API for discovery...
2026-02-01 23:51:35.907 [32mDEBUG[0;39m [cheduled-task-4] [35m[SYSTEM][0;39m [36mc.c.b.s.impl.CollectionServiceImpl      [0;39m : Updated 388 attributes for EQDRrfw5pgIC4e6NafUAx52Z9Ym6q1k26xxaXR_qx0LKJJ7D
2026-02-01 23:51:36.039 [32m INFO[0;39m [cheduled-task-1] [35m[EQCPeIQKMsF4PYXow8yjvaN6Hx-XwJgir6PhVGxvOZdg6tNp][0;39m [36mc.c.b.service.impl.HistoryServiceImpl   [0;39m : Sending enrichment request to gift-discovery. Model: Copper Pink, Backdrop: Rosewood
2026-02-01 23:51:36.046 [32mDEBUG[0;39m [cheduled-task-1] [35m[EQCPeIQKMsF4PYXow8yjvaN6Hx-XwJgir6PhVGxvOZdg6tNp][0;39m [36mc.c.b.service.impl.HistoryServiceImpl   [0;39m : Enrichment request successfully sent to discovery service
2026-02-01 23:51:36.061 [32m INFO[0;39m [cheduled-task-1] [35m[EQf_tg_gift_______________________8Zbd2pAAPvK78u][0;39m [36mc.c.b.service.impl.HistoryServiceImpl   [0;39m : New listing detected: Snoop Dogg #257835. Price: 19 TON
2026-02-01 23:51:36.061 [32mDEBUG[0;39m [cheduled-task-1] [35m[EQf_tg_gift_______________________8Zbd2pAAPvK78u][0;39m [36mc.c.b.service.impl.HistoryServiceImpl   [0;39m : Enriching listing data from API for discovery...
2026-02-01 23:51:37.024 [32m INFO[0;39m [cheduled-task-1] [35m[EQf_tg_gift_______________________8Zbd2pAAPvK78u][0;39m [36mc.c.b.service.impl.HistoryServiceImpl   [0;39m : Sending enrichment request to gift-discovery. Model: Black Gold, Backdrop: Rifle Green
2026-02-01 23:51:37.248 [32mDEBUG[0;39m [cheduled-task-1] [35m[EQf_tg_gift_______________________8Zbd2pAAPvK78u][0;39m [36mc.c.b.service.impl.HistoryServiceImpl   [0;39m : Enrichment request successfully sent to discovery service
2026-02-01 23:51:37.960 [32mDEBUG[0;39m [cheduled-task-4] [35m[SYSTEM][0;39m [36mc.c.b.s.impl.CollectionServiceImpl      [0;39m : Updated 380 attributes for EQBM3U1twWjI_vYUaPdFkzZs1q9c0orHhQjx0m2Xa9ljgTqY
2026-02-01 23:51:40.259 [32mDEBUG[0;39m [cheduled-task-1] [35m[SYSTEM][0;39m [36mc.c.b.service.impl.HistoryServiceImpl   [0;39m : Polling GetGems history since: 1769979092000
2026-02-01 23:51:40.450 [32mDEBUG[0;39m [cheduled-task-4] [35m[SYSTEM][0;39m [36mc.c.b.s.impl.CollectionServiceImpl      [0;39m : Updated 380 attributes for EQAXHW9KVYYgDmLaUNcgzNPZ4WKGek97-ldsd0fPUHg4K7SU
2026-02-01 23:51:40.694 [32m INFO[0;39m [cheduled-task-1] [35m[SYSTEM][0;39m [36mc.c.b.service.impl.HistoryServiceImpl   [0;39m : Found 2 new events in GetGems history
2026-02-01 23:51:40.704 [32mDEBUG[0;39m [cheduled-task-1] [35m[EQf_tg_gift_______________________9M4usTAAAo5TkI][0;39m [36mc.c.b.service.impl.HistoryServiceImpl   [0;39m : Event 104c98b8c288aef34010f325f947acdddfaa92d8d0904e3541f200ca15465b62 saved to history database
2026-02-01 23:51:40.713 [32m INFO[0;39m [cheduled-task-1] [35m[EQf_tg_gift_______________________8Ci61GAAGQzR11][0;39m [36mc.c.b.service.impl.HistoryServiceImpl   [0;39m : New listing detected: Snoop Cigar #102605. Price: 23 TON
2026-02-01 23:51:40.714 [32mDEBUG[0;39m [cheduled-task-1] [35m[EQf_tg_gift_______________________8Ci61GAAGQzR11][0;39m [36mc.c.b.service.impl.HistoryServiceImpl   [0;39m : Enriching listing data from API for discovery...
2026-02-01 23:51:41.233 [32m INFO[0;39m [cheduled-task-1] [35m[EQf_tg_gift_______________________8Ci61GAAGQzR11][0;39m [36mc.c.b.service.impl.HistoryServiceImpl   [0;39m : Sending enrichment request to gift-discovery. Model: Smoke Dogg, Backdrop: Khaki Green
2026-02-01 23:51:41.243 [32mDEBUG[0;39m [cheduled-task-1] [35m[EQf_tg_gift_______________________8Ci61GAAGQzR11][0;39m [36mc.c.b.service.impl.HistoryServiceImpl   [0;39m : Enrichment request successfully sent to discovery service
2026-02-01 23:51:41.851 [32mDEBUG[0;39m [cheduled-task-4] [35m[SYSTEM][0;39m [36mc.c.b.s.impl.CollectionServiceImpl      [0;39m : Updated 416 attributes for EQBAXR68f1UgRhToFR_bXY1zPJy5O6sm2St0CRTo92BTxGiH
2026-02-01 23:51:43.043 [32mDEBUG[0;39m [cheduled-task-4] [35m[SYSTEM][0;39m [36mc.c.b.s.impl.CollectionServiceImpl      [0;39m : Updated 380 attributes for EQB1ATaKGNYk6T5R2cA18BOF-KB_idaKKigwYI2jtjWuLg8n
2026-02-01 23:51:44.017 [32mDEBUG[0;39m [cheduled-task-4] [35m[SYSTEM][0;39m [36mc.c.b.s.impl.CollectionServiceImpl      [0;39m : Updated 296 attributes for EQC2lsUy1SKxJEJBwj5ZCfVnLPvAqDqy5c26Xg8xS_pDTXGk
2026-02-01 23:51:44.267 [32mDEBUG[0;39m [cheduled-task-1] [35m[SYSTEM][0;39m [36mc.c.b.service.impl.HistoryServiceImpl   [0;39m : Polling GetGems history since: 1769979095000
2026-02-01 23:51:45.076 [32m INFO[0;39m [cheduled-task-1] [35m[SYSTEM][0;39m [36mc.c.b.service.impl.HistoryServiceImpl   [0;39m : Found 1 new events in GetGems history
2026-02-01 23:51:45.976 [32mDEBUG[0;39m [cheduled-task-4] [35m[SYSTEM][0;39m [36mc.c.b.s.impl.CollectionServiceImpl      [0;39m : Updated 266 attributes for EQAPNu648fe_uqUoeH6V_-fIDJYea_5Xu2rXn6iZFil49bMY
2026-02-01 23:51:47.240 [32mDEBUG[0;39m [cheduled-task-4] [35m[SYSTEM][0;39m [36mc.c.b.s.impl.CollectionServiceImpl      [0;39m : Updated 374 attributes for EQC4XEulxb05Le5gF6esMtDWT5XZ6tlzlMBQGNsqffxpdC5U
2026-02-01 23:51:48.109 [32mDEBUG[0;39m [cheduled-task-1] [35m[SYSTEM][0;39m [36mc.c.b.service.impl.HistoryServiceImpl   [0;39m : Polling GetGems history since: 1769979095000
2026-02-01 23:51:48.342 [32mDEBUG[0;39m [cheduled-task-4] [35m[SYSTEM][0;39m [36mc.c.b.s.impl.CollectionServiceImpl      [0;39m : Updated 298 attributes for EQBD8aBKC4NsnYMqtkCfPQk2EVnieynJQp1UgZVyx1VmR5Ml
2026-02-01 23:51:48.590 [32m INFO[0;39m [cheduled-task-1] [35m[SYSTEM][0;39m [36mc.c.b.service.impl.HistoryServiceImpl   [0;39m : Found 2 new events in GetGems history
2026-02-01 23:51:48.601 [32mDEBUG[0;39m [cheduled-task-1] [35m[EQACpRtnyKD8sjVUKpTRxZUIAs4ZOxs2oW-osduRvtqNludY][0;39m [36mc.c.b.service.impl.HistoryServiceImpl   [0;39m : Event bcebc776ef2a2719ebf699cdd84ad4d0882cc70f8ec11a1cd7ac3cc92473cbb4 saved to history database
2026-02-01 23:51:48.601 [32m INFO[0;39m [cheduled-task-1] [35m[EQACpRtnyKD8sjVUKpTRxZUIAs4ZOxs2oW-osduRvtqNludY][0;39m [36mc.c.b.service.impl.HistoryServiceImpl   [0;39m : New listing detected: Witch Hat #3012. Price: 4.8 TON
2026-02-01 23:51:48.601 [32mDEBUG[0;39m [cheduled-task-1] [35m[EQACpRtnyKD8sjVUKpTRxZUIAs4ZOxs2oW-osduRvtqNludY][0;39m [36mc.c.b.service.impl.HistoryServiceImpl   [0;39m : Enriching listing data from API for discovery...
2026-02-01 23:51:49.098 [32m INFO[0;39m [cheduled-task-1] [35m[EQACpRtnyKD8sjVUKpTRxZUIAs4ZOxs2oW-osduRvtqNludY][0;39m [36mc.c.b.service.impl.HistoryServiceImpl   [0;39m : Sending enrichment request to gift-discovery. Model: Sand Cloak, Backdrop: Platinum
2026-02-01 23:51:49.104 [32mDEBUG[0;39m [cheduled-task-1] [35m[EQACpRtnyKD8sjVUKpTRxZUIAs4ZOxs2oW-osduRvtqNludY][0;39m [36mc.c.b.service.impl.HistoryServiceImpl   [0;39m : Enrichment request successfully sent to discovery service
2026-02-01 23:51:49.365 [32mDEBUG[0;39m [cheduled-task-4] [35m[SYSTEM][0;39m [36mc.c.b.s.impl.CollectionServiceImpl      [0;39m : Updated 298 attributes for EQAIM-5QzZGXYTSZR1RGeT2g9rNpYmNPQ09_HtvaInHaTyPX
2026-02-01 23:51:50.458 [32mDEBUG[0;39m [cheduled-task-4] [35m[SYSTEM][0;39m [36mc.c.b.s.impl.CollectionServiceImpl      [0;39m : Updated 248 attributes for EQAtFU9GrGfix4UG9DOivN58QxvgBJUaAZ_pdZBZCmbhKo4P
2026-02-01 23:51:51.451 [32mDEBUG[0;39m [cheduled-task-4] [35m[SYSTEM][0;39m [36mc.c.b.s.impl.CollectionServiceImpl      [0;39m : Updated 288 attributes for EQC8WVW9DSN4PPfFlCW2AHJkXxBUHBFsvnhXiYqSTpD7tXsp
2026-02-01 23:51:52.131 [32mDEBUG[0;39m [cheduled-task-1] [35m[SYSTEM][0;39m [36mc.c.b.service.impl.HistoryServiceImpl   [0;39m : Polling GetGems history since: 1769979102000
2026-02-01 23:51:52.672 [32m INFO[0;39m [cheduled-task-1] [35m[SYSTEM][0;39m [36mc.c.b.service.impl.HistoryServiceImpl   [0;39m : Found 1 new events in GetGems history
2026-02-01 23:51:52.683 [32m INFO[0;39m [cheduled-task-1] [35m[EQACpRtnyKD8sjVUKpTRxZUIAs4ZOxs2oW-osduRvtqNludY][0;39m [36mc.c.b.service.impl.HistoryServiceImpl   [0;39m : New listing detected: Witch Hat #3012. Price: 4.8 TON
2026-02-01 23:51:52.683 [32mDEBUG[0;39m [cheduled-task-1] [35m[EQACpRtnyKD8sjVUKpTRxZUIAs4ZOxs2oW-osduRvtqNludY][0;39m [36mc.c.b.service.impl.HistoryServiceImpl   [0;39m : Enriching listing data from API for discovery...
2026-02-01 23:51:52.713 [32mDEBUG[0;39m [cheduled-task-4] [35m[SYSTEM][0;39m [36mc.c.b.s.impl.CollectionServiceImpl      [0;39m : Updated 416 attributes for EQA8DCWyCWyywgOKYORerRoSVevWrUQ_FjKQgNihxY1227x7
2026-02-01 23:51:53.292 [32m INFO[0;39m [cheduled-task-1] [35m[EQACpRtnyKD8sjVUKpTRxZUIAs4ZOxs2oW-osduRvtqNludY][0;39m [36mc.c.b.service.impl.HistoryServiceImpl   [0;39m : Sending enrichment request to gift-discovery. Model: Sand Cloak, Backdrop: Platinum
2026-02-01 23:51:53.311 [32mDEBUG[0;39m [cheduled-task-1] [35m[EQACpRtnyKD8sjVUKpTRxZUIAs4ZOxs2oW-osduRvtqNludY][0;39m [36mc.c.b.service.impl.HistoryServiceImpl   [0;39m : Enrichment request successfully sent to discovery service
2026-02-01 23:51:56.062 [32mDEBUG[0;39m [cheduled-task-4] [35m[SYSTEM][0;39m [36mc.c.b.s.impl.CollectionServiceImpl      [0;39m : Updated 402 attributes for EQCE80Aln8YfldnQLwWMvOfloLGgmPY0eGDJz9ufG3gRui3D
2026-02-01 23:51:56.321 [32mDEBUG[0;39m [cheduled-task-1] [35m[SYSTEM][0;39m [36mc.c.b.service.impl.HistoryServiceImpl   [0;39m : Polling GetGems history since: 1769979102000
2026-02-01 23:51:56.868 [32m INFO[0;39m [cheduled-task-1] [35m[SYSTEM][0;39m [36mc.c.b.service.impl.HistoryServiceImpl   [0;39m : Found 1 new events in GetGems history
2026-02-01 23:51:56.873 [32m INFO[0;39m [cheduled-task-1] [35m[EQACpRtnyKD8sjVUKpTRxZUIAs4ZOxs2oW-osduRvtqNludY][0;39m [36mc.c.b.service.impl.HistoryServiceImpl   [0;39m : New listing detected: Witch Hat #3012. Price: 4.8 TON
2026-02-01 23:51:56.873 [32mDEBUG[0;39m [cheduled-task-1] [35m[EQACpRtnyKD8sjVUKpTRxZUIAs4ZOxs2oW-osduRvtqNludY][0;39m [36mc.c.b.service.impl.HistoryServiceImpl   [0;39m : Enriching listing data from API for discovery...
2026-02-01 23:51:57.341 [32mDEBUG[0;39m [cheduled-task-4] [35m[SYSTEM][0;39m [36mc.c.b.s.impl.CollectionServiceImpl      [0;39m : Updated 300 attributes for EQAOYYJib8K6-91TjeOYRbWEtbtRJHXKoWltnULwdaqd7mR5
2026-02-01 23:51:57.364 [32m INFO[0;39m [cheduled-task-1] [35m[EQACpRtnyKD8sjVUKpTRxZUIAs4ZOxs2oW-osduRvtqNludY][0;39m [36mc.c.b.service.impl.HistoryServiceImpl   [0;39m : Sending enrichment request to gift-discovery. Model: Sand Cloak, Backdrop: Platinum
2026-02-01 23:51:57.374 [32mDEBUG[0;39m [cheduled-task-1] [35m[EQACpRtnyKD8sjVUKpTRxZUIAs4ZOxs2oW-osduRvtqNludY][0;39m [36mc.c.b.service.impl.HistoryServiceImpl   [0;39m : Enrichment request successfully sent to discovery service
2026-02-01 23:52:00.102 [32mDEBUG[0;39m [cheduled-task-4] [35m[SYSTEM][0;39m [36mc.c.b.s.impl.CollectionServiceImpl      [0;39m : Updated 305 attributes for EQDCPq7QSUvCmq7kBhmDulxVdeFHKFc1wT9MQxnesanl1Hql
2026-02-01 23:52:00.382 [32mDEBUG[0;39m [cheduled-task-1] [35m[SYSTEM][0;39m [36mc.c.b.service.impl.HistoryServiceImpl   [0;39m : Polling GetGems history since: 1769979102000
2026-02-01 23:52:00.898 [32m INFO[0;39m [cheduled-task-1] [35m[SYSTEM][0;39m [36mc.c.b.service.impl.HistoryServiceImpl   [0;39m : Found 2 new events in GetGems history
2026-02-01 23:52:00.911 [32mDEBUG[0;39m [cheduled-task-1] [35m[EQB6WMefxOeegRdJe_ya26Vu_Hd1Zhn_e7aLk9w-gtbJj3_l][0;39m [36mc.c.b.service.impl.HistoryServiceImpl   [0;39m : Event 77c9641902252aff10101237bd3d47dda19cca059d91d20411fcf36b0e0a3152 saved to history database
2026-02-01 23:52:00.927 [32m INFO[0;39m [cheduled-task-1] [35m[EQACpRtnyKD8sjVUKpTRxZUIAs4ZOxs2oW-osduRvtqNludY][0;39m [36mc.c.b.service.impl.HistoryServiceImpl   [0;39m : New listing detected: Witch Hat #3012. Price: 4.8 TON
2026-02-01 23:52:00.927 [32mDEBUG[0;39m [cheduled-task-1] [35m[EQACpRtnyKD8sjVUKpTRxZUIAs4ZOxs2oW-osduRvtqNludY][0;39m [36mc.c.b.service.impl.HistoryServiceImpl   [0;39m : Enriching listing data from API for discovery...
2026-02-01 23:52:01.802 [32mDEBUG[0;39m [cheduled-task-4] [35m[SYSTEM][0;39m [36mc.c.b.s.impl.CollectionServiceImpl      [0;39m : Updated 332 attributes for EQB5P3ZP2PjLION52Y1SNAux1do4-ZOqMWotXS-fdMpqHcCH
2026-02-01 23:52:03.253 [32m INFO[0;39m [cheduled-task-1] [35m[EQACpRtnyKD8sjVUKpTRxZUIAs4ZOxs2oW-osduRvtqNludY][0;39m [36mc.c.b.service.impl.HistoryServiceImpl   [0;39m : Sending enrichment request to gift-discovery. Model: Sand Cloak, Backdrop: Platinum
2026-02-01 23:52:03.273 [32mDEBUG[0;39m [cheduled-task-1] [35m[EQACpRtnyKD8sjVUKpTRxZUIAs4ZOxs2oW-osduRvtqNludY][0;39m [36mc.c.b.service.impl.HistoryServiceImpl   [0;39m : Enrichment request successfully sent to discovery service
2026-02-01 23:52:05.826 [32mDEBUG[0;39m [cheduled-task-4] [35m[SYSTEM][0;39m [36mc.c.b.s.impl.CollectionServiceImpl      [0;39m : Updated 306 attributes for EQCt2C3yCRNX267B3l6h1QsU6agm4ZgTAb7NpVGiFKlBXOAA
2026-02-01 23:52:06.303 [32mDEBUG[0;39m [cheduled-task-1] [35m[SYSTEM][0;39m [36mc.c.b.service.impl.HistoryServiceImpl   [0;39m : Polling GetGems history since: 1769979110000
2026-02-01 23:52:07.212 [32m INFO[0;39m [cheduled-task-1] [35m[SYSTEM][0;39m [36mc.c.b.service.impl.HistoryServiceImpl   [0;39m : Found 2 new events in GetGems history
2026-02-01 23:52:07.224 [32mDEBUG[0;39m [cheduled-task-1] [35m[EQDgKcrSZYe7RSHeEBfa0PNL1WXzywK9tEo-4Lrt6rPDbfEv][0;39m [36mc.c.b.service.impl.HistoryServiceImpl   [0;39m : Event 3ad380aa23797d653e1007fa9c41d23452b5fff09193881094a41564488abb99 saved to history database
2026-02-01 23:52:09.142 [32mDEBUG[0;39m [cheduled-task-4] [35m[SYSTEM][0;39m [36mc.c.b.s.impl.CollectionServiceImpl      [0;39m : Updated 456 attributes for EQCWh1lPltyTwCWxCXm4umL5tPZoXR8kTIcT-pd0JqoadLHo
2026-02-01 23:52:10.262 [32mDEBUG[0;39m [cheduled-task-1] [35m[SYSTEM][0;39m [36mc.c.b.service.impl.HistoryServiceImpl   [0;39m : Polling GetGems history since: 1769979117000
2026-02-01 23:52:10.591 [32mDEBUG[0;39m [cheduled-task-4] [35m[SYSTEM][0;39m [36mc.c.b.s.impl.CollectionServiceImpl      [0;39m : Updated 394 attributes for EQD7yDu2WCgd9Uzx1dF_DQkWK7IZJJ4Mp9M9g1rGUUiQE43m
2026-02-01 23:52:10.728 [32m INFO[0;39m [cheduled-task-1] [35m[SYSTEM][0;39m [36mc.c.b.service.impl.HistoryServiceImpl   [0;39m : Found 1 new events in GetGems history
2026-02-01 23:52:11.386 [32m INFO[0;39m [cheduled-task-2] [35m[SYSTEM][0;39m [36mc.c.b.s.impl.CollectionServiceImpl      [0;39m : Start updating statistics...
2026-02-01 23:52:11.687 [32mDEBUG[0;39m [cheduled-task-4] [35m[SYSTEM][0;39m [36mc.c.b.s.impl.CollectionServiceImpl      [0;39m : Updated 339 attributes for EQDTro-ogJbS7o-OBD6bt2NysPt7SnGm5zfuRXGB1nE_rbGa
2026-02-01 23:52:13.053 [32mDEBUG[0;39m [cheduled-task-4] [35m[SYSTEM][0;39m [36mc.c.b.s.impl.CollectionServiceImpl      [0;39m : Updated 412 attributes for EQADvJxMxCHA7fRlYjoceBORf7RwKs0rzjVaKepQACMnZzG7
2026-02-01 23:52:13.752 [32mDEBUG[0;39m [cheduled-task-5] [35m[SYSTEM][0;39m [36mc.c.b.service.impl.HistoryServiceImpl   [0;39m : Polling GetGems history since: 1769979117000
2026-02-01 23:52:14.201 [32m INFO[0;39m [cheduled-task-5] [35m[SYSTEM][0;39m [36mc.c.b.service.impl.HistoryServiceImpl   [0;39m : Found 1 new events in GetGems history
2026-02-01 23:52:14.241 [32mDEBUG[0;39m [cheduled-task-4] [35m[SYSTEM][0;39m [36mc.c.b.s.impl.CollectionServiceImpl      [0;39m : Updated 340 attributes for EQA2RI7XvIs9wJQKrxkTb7YtpeUuaD-p0eT5uBe4bkcGT2bd
2026-02-01 23:52:15.179 [32mDEBUG[0;39m [cheduled-task-4] [35m[SYSTEM][0;39m [36mc.c.b.s.impl.CollectionServiceImpl      [0;39m : Updated 321 attributes for EQB4x3sT1DVdODzay3H-4VJIdOooS5-kTgyKcYMZWogPOsiq
2026-02-01 23:52:15.959 [32mDEBUG[0;39m [cheduled-task-4] [35m[SYSTEM][0;39m [36mc.c.b.s.impl.CollectionServiceImpl      [0;39m : Updated 253 attributes for EQAtgbhSHOqTxjuRLLOAab6T66FPcQWTNd_DT3VgCG1-tHJw
2026-02-01 23:52:17.221 [32mDEBUG[0;39m [cheduled-task-5] [35m[SYSTEM][0;39m [36mc.c.b.service.impl.HistoryServiceImpl   [0;39m : Polling GetGems history since: 1769979117000
2026-02-01 23:52:17.276 [32mDEBUG[0;39m [cheduled-task-4] [35m[SYSTEM][0;39m [36mc.c.b.s.impl.CollectionServiceImpl      [0;39m : Updated 396 attributes for EQDJsN9OJBhKGZoWZWtkEpzkCfIu16Z9UzTWbYjeLpuHdT5f
2026-02-01 23:52:17.824 [32m INFO[0;39m [cheduled-task-5] [35m[SYSTEM][0;39m [36mc.c.b.service.impl.HistoryServiceImpl   [0;39m : Found 1 new events in GetGems history
2026-02-01 23:52:18.213 [32mDEBUG[0;39m [cheduled-task-4] [35m[SYSTEM][0;39m [36mc.c.b.s.impl.CollectionServiceImpl      [0;39m : Updated 248 attributes for EQBdlKhLzezYFMCWSWTCnhpKC1uyczaBUOj3EtPjcatUsTrC
2026-02-01 23:52:19.226 [32mDEBUG[0;39m [cheduled-task-4] [35m[SYSTEM][0;39m [36mc.c.b.s.impl.CollectionServiceImpl      [0;39m : Updated 390 attributes for EQBG-g6ahkAUGWpefWbx-D_9sQ8oWbvy6puuq78U2c4NUDFS
2026-02-01 23:52:20.421 [32mDEBUG[0;39m [cheduled-task-4] [35m[SYSTEM][0;39m [36mc.c.b.s.impl.CollectionServiceImpl      [0;39m : Updated 248 attributes for EQCNsmpHqRSY_Dxnyh6P0MMO7zcABf8sVvG0wr245pBzO3B3
2026-02-01 23:52:20.844 [32mDEBUG[0;39m [cheduled-task-5] [35m[SYSTEM][0;39m [36mc.c.b.service.impl.HistoryServiceImpl   [0;39m : Polling GetGems history since: 1769979117000
2026-02-01 23:52:21.393 [32m INFO[0;39m [cheduled-task-5] [35m[SYSTEM][0;39m [36mc.c.b.service.impl.HistoryServiceImpl   [0;39m : Found 1 new events in GetGems history
2026-02-01 23:52:21.473 [32mDEBUG[0;39m [cheduled-task-4] [35m[SYSTEM][0;39m [36mc.c.b.s.impl.CollectionServiceImpl      [0;39m : Updated 248 attributes for EQDQ6DjRabTYSAxf2xrZsnsXtqcIm1bj9dF5x_h8lNjWPmH4
2026-02-01 23:52:23.162 [32mDEBUG[0;39m [cheduled-task-4] [35m[SYSTEM][0;39m [36mc.c.b.s.impl.CollectionServiceImpl      [0;39m : Updated 330 attributes for EQBUvskEvmWdp_V6HX-2Tyfp4mFSzMzdg9TaUz6zKVz6Ov3f
2026-02-01 23:52:24.307 [32mDEBUG[0;39m [cheduled-task-4] [35m[SYSTEM][0;39m [36mc.c.b.s.impl.CollectionServiceImpl      [0;39m : Updated 386 attributes for EQBcNxMCTyEHkcQ5cK3fO_3Ebjf6JcA5JJ_OJV4npDN-604P
2026-02-01 23:52:24.419 [32mDEBUG[0;39m [cheduled-task-5] [35m[SYSTEM][0;39m [36mc.c.b.service.impl.HistoryServiceImpl   [0;39m : Polling GetGems history since: 1769979117000
2026-02-01 23:52:25.169 [32m INFO[0;39m [cheduled-task-5] [35m[SYSTEM][0;39m [36mc.c.b.service.impl.HistoryServiceImpl   [0;39m : Found 1 new events in GetGems history
2026-02-01 23:52:25.506 [32mDEBUG[0;39m [cheduled-task-4] [35m[SYSTEM][0;39m [36mc.c.b.s.impl.CollectionServiceImpl      [0;39m : Updated 291 attributes for EQD9z87hRZAV7C2MV1gk39-bSg5Yfs2EdMr9HfK81IuB2Rlc
2026-02-01 23:52:26.454 [32mDEBUG[0;39m [cheduled-task-4] [35m[SYSTEM][0;39m [36mc.c.b.s.impl.CollectionServiceImpl      [0;39m : Updated 248 attributes for EQBG2o0lp-6Oy86NGEJm717BeTDAw_F5ELkgaX2l9UsfavWE
2026-02-01 23:52:27.645 [32mDEBUG[0;39m [cheduled-task-4] [35m[SYSTEM][0;39m [36mc.c.b.s.impl.CollectionServiceImpl      [0;39m : Updated 416 attributes for EQC6zjid8vJNEWqcXk10XjsdDLRKbcPZzbHusuEW6FokOWIm
2026-02-01 23:52:28.192 [32mDEBUG[0;39m [cheduled-task-5] [35m[SYSTEM][0;39m [36mc.c.b.service.impl.HistoryServiceImpl   [0;39m : Polling GetGems history since: 1769979117000
2026-02-01 23:52:28.605 [32m INFO[0;39m [cheduled-task-5] [35m[SYSTEM][0;39m [36mc.c.b.service.impl.HistoryServiceImpl   [0;39m : Found 1 new events in GetGems history
2026-02-01 23:52:28.612 [32mDEBUG[0;39m [cheduled-task-4] [35m[SYSTEM][0;39m [36mc.c.b.s.impl.CollectionServiceImpl      [0;39m : Updated 298 attributes for EQCehrkZtKDtVe0qyvBAsrHx3hW-hroQyDrS_MZOOVYth2DG
2026-02-01 23:52:29.618 [32mDEBUG[0;39m [cheduled-task-4] [35m[SYSTEM][0;39m [36mc.c.b.s.impl.CollectionServiceImpl      [0;39m : Updated 330 attributes for EQCBcMPpEjKJysTb534Nvt3FXQgkzVyhaaBDIyrcaKD1PsFF
2026-02-01 23:52:30.539 [32mDEBUG[0;39m [cheduled-task-4] [35m[SYSTEM][0;39m [36mc.c.b.s.impl.CollectionServiceImpl      [0;39m : Updated 416 attributes for EQCBK_JBASAA5XVz1D17Pn--kQaMWm0b9wReVtsEdRO4Tgy9
2026-02-01 23:52:31.570 [32mDEBUG[0;39m [cheduled-task-4] [35m[SYSTEM][0;39m [36mc.c.b.s.impl.CollectionServiceImpl      [0;39m : Updated 313 attributes for EQACcQpR2fmdeENWdE2YGQWHVxSTyA8Zq4_k7rk_IaxCRXNe
2026-02-01 23:52:31.628 [32mDEBUG[0;39m [cheduled-task-5] [35m[SYSTEM][0;39m [36mc.c.b.service.impl.HistoryServiceImpl   [0;39m : Polling GetGems history since: 1769979117000
2026-02-01 23:52:32.209 [32m INFO[0;39m [cheduled-task-5] [35m[SYSTEM][0;39m [36mc.c.b.service.impl.HistoryServiceImpl   [0;39m : Found 1 new events in GetGems history
2026-02-01 23:52:32.753 [32mDEBUG[0;39m [cheduled-task-4] [35m[SYSTEM][0;39m [36mc.c.b.s.impl.CollectionServiceImpl      [0;39m : Updated 416 attributes for EQCefrjhCD2_7HRIr2lmwt9ZaqeG_tdseBvADC66833kBS3y
2026-02-01 23:52:33.791 [32mDEBUG[0;39m [cheduled-task-4] [35m[SYSTEM][0;39m [36mc.c.b.s.impl.CollectionServiceImpl      [0;39m : Updated 330 attributes for EQAkqbUwkuFy5sgkgXEGSr9WSxnbslVCc25Ri9BfAEIzXFU-
2026-02-01 23:52:35.263 [32mDEBUG[0;39m [cheduled-task-5] [35m[SYSTEM][0;39m [36mc.c.b.service.impl.HistoryServiceImpl   [0;39m : Polling GetGems history since: 1769979117000
2026-02-01 23:52:35.497 [32mDEBUG[0;39m [cheduled-task-4] [35m[SYSTEM][0;39m [36mc.c.b.s.impl.CollectionServiceImpl      [0;39m : Updated 391 attributes for EQCMBgeRNOjZo6A_GpF4G66VTA8V4vpSitIZzJP3Qz4ZO5YM
2026-02-01 23:52:36.019 [32m INFO[0;39m [cheduled-task-5] [35m[SYSTEM][0;39m [36mc.c.b.service.impl.HistoryServiceImpl   [0;39m : Found 1 new events in GetGems history
2026-02-01 23:52:38.395 [32mDEBUG[0;39m [cheduled-task-4] [35m[SYSTEM][0;39m [36mc.c.b.s.impl.CollectionServiceImpl      [0;39m : Updated 394 attributes for EQC1gud6QO8NdJjVrqr7qFBMO0oQsktkvzhmIRoMKo8vxiyL
2026-02-01 23:52:39.095 [32mDEBUG[0;39m [cheduled-task-5] [35m[SYSTEM][0;39m [36mc.c.b.service.impl.HistoryServiceImpl   [0;39m : Polling GetGems history since: 1769979117000
2026-02-01 23:52:39.648 [32m INFO[0;39m [cheduled-task-5] [35m[SYSTEM][0;39m [36mc.c.b.service.impl.HistoryServiceImpl   [0;39m : Found 2 new events in GetGems history
2026-02-01 23:52:39.663 [32mDEBUG[0;39m [cheduled-task-5] [35m[EQf_tg_gift_______________________9-BqogAADaFX5n][0;39m [36mc.c.b.service.impl.HistoryServiceImpl   [0;39m : Event 3073cf743d817183a9b8beb63486dec162bdf63a17818c4adb7b477c45282128 saved to history database
2026-02-01 23:52:40.543 [32mDEBUG[0;39m [cheduled-task-4] [35m[SYSTEM][0;39m [36mc.c.b.s.impl.CollectionServiceImpl      [0;39m : Updated 392 attributes for EQA2lHcvZWW_bN_2NMKrkEUv9xz6fx8wTE5upa8u1neZb6hJ
2026-02-01 23:52:42.806 [32mDEBUG[0;39m [cheduled-task-1] [35m[SYSTEM][0;39m [36mc.c.b.service.impl.HistoryServiceImpl   [0;39m : Polling GetGems history since: 1769979149000
2026-02-01 23:52:43.549 [32m INFO[0;39m [cheduled-task-1] [35m[SYSTEM][0;39m [36mc.c.b.service.impl.HistoryServiceImpl   [0;39m : Found 1 new events in GetGems history
2026-02-01 23:52:43.742 [32mDEBUG[0;39m [cheduled-task-4] [35m[SYSTEM][0;39m [36mc.c.b.s.impl.CollectionServiceImpl      [0;39m : Updated 427 attributes for EQA4i58iuS9DUYRtUZ97sZo5mnkbiYUBpWXQOe3dEUCcP1W8
2026-02-01 23:52:44.959 [32mDEBUG[0;39m [cheduled-task-4] [35m[SYSTEM][0;39m [36mc.c.b.s.impl.CollectionServiceImpl      [0;39m : Updated 349 attributes for EQA3-i1IUFjWyDhaIoCGdYUB4nt2IYaT3T-95CHPrSvV3AfX
