2026-02-01 23:39:36.947 [32m INFO[0;39m [           main] [36mc.c.g.GiftDiscoveryApplication          [0;39m : Starting GiftDiscoveryApplication using Java 21.0.9 with PID 29072 (C:\Users\stepa\IdeaProjects\blink-gift\gift-discovery\build\classes\java\main started by stepa in C:\Users\stepa\IdeaProjects\blink-gift)
2026-02-01 23:39:36.990 [32mDEBUG[0;39m [           main] [36mc.c.g.GiftDiscoveryApplication          [0;39m : Running with Spring Boot v4.0.1, Spring v7.0.2
2026-02-01 23:39:36.993 [32m INFO[0;39m [           main] [36mc.c.g.GiftDiscoveryApplication          [0;39m : No active profile set, falling back to 1 default profile: "default"
2026-02-01 23:39:45.767 [32m INFO[0;39m [           main] [36m.s.d.r.c.RepositoryConfigurationDelegate[0;39m : Multiple Spring Data modules found, entering strict repository configuration mode
2026-02-01 23:39:45.770 [32m INFO[0;39m [           main] [36m.s.d.r.c.RepositoryConfigurationDelegate[0;39m : Bootstrapping Spring Data MongoDB repositories in DEFAULT mode.
2026-02-01 23:39:46.630 [32m INFO[0;39m [           main] [36m.s.d.r.c.RepositoryConfigurationDelegate[0;39m : Finished Spring Data repository scanning in 801 ms. Found 2 MongoDB repository interfaces.
2026-02-01 23:39:47.011 [32m INFO[0;39m [           main] [36m.s.d.r.c.RepositoryConfigurationDelegate[0;39m : Multiple Spring Data modules found, entering strict repository configuration mode
2026-02-01 23:39:47.016 [32m INFO[0;39m [           main] [36m.s.d.r.c.RepositoryConfigurationDelegate[0;39m : Bootstrapping Spring Data Redis repositories in DEFAULT mode.
2026-02-01 23:39:47.152 [32m INFO[0;39m [           main] [36m.RepositoryConfigurationExtensionSupport[0;39m : Spring Data Redis - Could not safely identify store assignment for repository candidate interface com.ceawse.giftdiscovery.repository.ProcessorStateRepository; If you want this repository to be a Redis repository, consider annotating your entities with one of these annotations: org.springframework.data.redis.core.RedisHash (preferred), or consider extending one of the following types with your repository: org.springframework.data.keyvalue.repository.KeyValueRepository
2026-02-01 23:39:47.152 [32m INFO[0;39m [           main] [36m.RepositoryConfigurationExtensionSupport[0;39m : Spring Data Redis - Could not safely identify store assignment for repository candidate interface com.ceawse.giftdiscovery.repository.UniqueGiftRepository; If you want this repository to be a Redis repository, consider annotating your entities with one of these annotations: org.springframework.data.redis.core.RedisHash (preferred), or consider extending one of the following types with your repository: org.springframework.data.keyvalue.repository.KeyValueRepository
2026-02-01 23:39:47.154 [32m INFO[0;39m [           main] [36m.s.d.r.c.RepositoryConfigurationDelegate[0;39m : Finished Spring Data repository scanning in 67 ms. Found 0 Redis repository interfaces.
2026-02-01 23:39:48.852 [32m INFO[0;39m [           main] [36mo.s.cloud.context.scope.GenericScope    [0;39m : BeanFactory id=65b3b06c-7714-3e41-bcf2-b42f7df794ea
2026-02-01 23:39:51.573 [32m INFO[0;39m [           main] [36mo.s.boot.tomcat.TomcatWebServer         [0;39m : Tomcat initialized with port 7781 (http)
2026-02-01 23:39:51.627 [32m INFO[0;39m [           main] [36mo.a.coyote.http11.Http11NioProtocol     [0;39m : Initializing ProtocolHandler ["http-nio-7781"]
2026-02-01 23:39:51.634 [32m INFO[0;39m [           main] [36mo.apache.catalina.core.StandardService  [0;39m : Starting service [Tomcat]
2026-02-01 23:39:51.635 [32m INFO[0;39m [           main] [36mo.apache.catalina.core.StandardEngine   [0;39m : Starting Servlet engine: [Apache Tomcat/11.0.15]
2026-02-01 23:39:52.112 [32m INFO[0;39m [           main] [36mb.w.c.s.WebApplicationContextInitializer[0;39m : Root WebApplicationContext: initialization completed in 13460 ms
2026-02-01 23:39:54.168 [32m INFO[0;39m [           main] [36morg.mongodb.driver.client               [0;39m : MongoClient with metadata {"driver": {"name": "mongo-java-driver|spring-boot|sync", "version": "5.6.2"}, "os": {"type": "Windows", "name": "Windows 11", "architecture": "amd64", "version": "10.0"}, "platform": "Java/IBM Corporation/21.0.9+10-LTS"} created with settings MongoClientSettings{readPreference=primary, writeConcern=WriteConcern{w=null, wTimeout=null ms, journal=null}, retryWrites=true, retryReads=true, readConcern=ReadConcern{level=null}, credential=null, transportSettings=null, commandListeners=[], codecRegistry=ProvidersCodecRegistry{codecProviders=[ValueCodecProvider{}, BsonValueCodecProvider{}, DBRefCodecProvider{}, DBObjectCodecProvider{}, DocumentCodecProvider{}, CollectionCodecProvider{}, IterableCodecProvider{}, MapCodecProvider{}, GeoJsonCodecProvider{}, GridFSFileCodecProvider{}, Jsr310CodecProvider{}, JsonObjectCodecProvider{}, BsonCodecProvider{}, com.mongodb.client.model.mql.ExpressionCodecProvider@c14526e2, com.mongodb.Jep395RecordCodecProvider@e07bb55f, com.mongodb.KotlinCodecProvider@5ac91e52, EnumCodecProvider{}]}, loggerSettings=LoggerSettings{maxDocumentLength=1000}, clusterSettings={hosts=[localhost:27017], srvServiceName=mongodb, mode=SINGLE, requiredClusterType=UNKNOWN, requiredReplicaSetName='null', serverSelector='null', clusterListeners='[]', serverSelectionTimeout='30000 ms', localThreshold='15 ms'}, socketSettings=SocketSettings{connectTimeoutMS=10000, readTimeoutMS=0, receiveBufferSize=0, proxySettings=ProxySettings{host=null, port=null, username=null, password=null}}, heartbeatSocketSettings=SocketSettings{connectTimeoutMS=10000, readTimeoutMS=10000, receiveBufferSize=0, proxySettings=ProxySettings{host=null, port=null, username=null, password=null}}, connectionPoolSettings=ConnectionPoolSettings{maxSize=100, minSize=0, maxWaitTimeMS=120000, maxConnectionLifeTimeMS=0, maxConnectionIdleTimeMS=0, maintenanceInitialDelayMS=0, maintenanceFrequencyMS=60000, connectionPoolListeners=[], maxConnecting=2}, serverSettings=ServerSettings{heartbeatFrequencyMS=10000, minHeartbeatFrequencyMS=500, serverMonitoringMode=AUTO, serverListeners='[]', serverMonitorListeners='[]'}, sslSettings=SslSettings{enabled=false, invalidHostNameAllowed=false, context=null}, applicationName='null', compressorList=[], uuidRepresentation=UNSPECIFIED, serverApi=null, autoEncryptionSettings=null, dnsClient=null, inetAddressResolver=null, contextProvider=null, timeoutMS=null}
2026-02-01 23:39:54.184 [32m INFO[0;39m [localhost:27017] [36morg.mongodb.driver.cluster              [0;39m : Monitor thread successfully connected to server with description ServerDescription{address=localhost:27017, type=STANDALONE, cryptd=false, state=CONNECTED, ok=true, minWireVersion=0, maxWireVersion=27, maxDocumentSize=16777216, logicalSessionTimeoutMinutes=30, roundTripTimeNanos=107812300, minRoundTripTimeNanos=0}
2026-02-01 23:40:17.194 [32m INFO[0;39m [           main] [36mo.a.coyote.http11.Http11NioProtocol     [0;39m : Starting ProtocolHandler ["http-nio-7781"]
2026-02-01 23:40:17.272 [32m INFO[0;39m [           main] [36mo.s.boot.tomcat.TomcatWebServer         [0;39m : Tomcat started on port 7781 (http) with context path '/'
2026-02-01 23:40:17.343 [32m INFO[0;39m [           main] [36mc.c.g.GiftDiscoveryApplication          [0;39m : Started GiftDiscoveryApplication in 46.867 seconds (process running for 50.422)
2026-02-01 23:40:17.727 [32m INFO[0;39m [nio-7781-exec-1] [36mo.a.c.c.C.[Tomcat].[localhost].[/]      [0;39m : Initializing Spring DispatcherServlet 'dispatcherServlet'
2026-02-01 23:40:17.729 [32m INFO[0;39m [nio-7781-exec-1] [36mo.s.web.servlet.DispatcherServlet       [0;39m : Initializing Servlet 'dispatcherServlet'
2026-02-01 23:40:17.736 [32m INFO[0;39m [nio-7781-exec-1] [36mo.s.web.servlet.DispatcherServlet       [0;39m : Completed initialization in 3 ms
2026-02-01 23:40:19.539 [32m INFO[0;39m [   scheduling-1] [36mc.c.g.service.impl.DiscoveryServiceImpl [0;39m : History Stream: Processing 514 events...
2026-02-01 23:40:22.391 [32m INFO[0;39m [   scheduling-1] [36mc.c.g.s.impl.MarketDataServiceImpl      [0;39m : Starting global market data synchronization to Redis...
2026-02-01 23:40:25.624 [32m INFO[0;39m [     virtual-48] [36mc.c.g.s.impl.EnrichmentTaskService      [0;39m : Enriched gift saved: Snoop Dogg #521625
2026-02-01 23:40:25.646 [32m INFO[0;39m [     virtual-53] [36mc.c.g.s.impl.EnrichmentTaskService      [0;39m : Enriched gift saved: Snoop Dogg #521625
2026-02-01 23:40:28.745 [32m INFO[0;39m [     virtual-61] [36mc.c.g.s.impl.EnrichmentTaskService      [0;39m : Enriched gift saved: Snoop Dogg #521625
2026-02-01 23:40:35.547 [32m INFO[0;39m [     virtual-62] [36mc.c.g.s.impl.EnrichmentTaskService      [0;39m : Enriched gift saved: Snoop Dogg #521625
